2026-06-19T11:14:20.665Z ::1 GET /api-docs 301 11ms
2026-06-19T11:14:20.676Z ::1 GET /api-docs/ 200 5ms
2026-06-19T11:14:20.841Z ::1 GET /api-docs/swagger-ui-init.js 200 6ms
2026-06-19T11:14:20.861Z ::1 GET /api-docs/swagger-ui.css 200 56ms
2026-06-19T11:14:20.882Z ::1 GET /api-docs/swagger-ui-standalone-preset.js 200 67ms
2026-06-19T11:14:20.972Z ::1 GET /api-docs/swagger-ui-bundle.js 200 166ms
2026-06-19T11:14:21.674Z ::1 GET /api-docs/favicon-32x32.png 200 13ms
2026-06-19T12:04:27.743Z ::1 GET /api/categories 200 72ms
2026-06-19T12:04:27.813Z ::1 GET /api/products 200 106ms
2026-06-19T12:05:01.797Z ::1 POST /api/auth/login 401 24ms
2026-06-19T12:05:39.376Z ::1 GET /api/products?search=&sort=newest 200 7ms
2026-06-26T08:22:38.408Z ::1 GET /api/categories 304 29ms
2026-06-26T08:22:38.428Z ::1 GET /api/products 304 68ms
2026-06-26T08:22:44.474Z ::1 GET /api/products 200 9ms
2026-06-26T08:22:44.476Z ::1 GET /api/categories 200 6ms
2026-06-26T08:23:17.103Z ::1 GET /api-docs/ 304 6ms
2026-06-26T08:23:17.210Z ::1 GET /api-docs/swagger-ui-init.js 304 1ms
2026-06-26T08:23:17.225Z ::1 GET /api-docs/swagger-ui-standalone-preset.js 304 9ms
2026-06-26T08:23:17.228Z ::1 GET /api-docs/swagger-ui.css 304 9ms
2026-06-26T08:23:17.234Z ::1 GET /api-docs/swagger-ui-bundle.js 304 12ms
2026-06-26T08:29:26.681Z ::1 GET /api-docs/ 304 3ms
2026-06-26T08:29:26.712Z ::1 GET /api-docs/swagger-ui.css 304 8ms
2026-06-26T08:29:26.715Z ::1 GET /api-docs/swagger-ui-bundle.js 304 5ms
2026-06-26T08:29:26.727Z ::1 GET /api-docs/swagger-ui-standalone-preset.js 304 3ms
2026-06-26T08:29:26.732Z ::1 GET /api-docs/swagger-ui-init.js 304 2ms
2026-06-26T08:29:28.132Z ::1 GET /api-docs/favicon-32x32.png 304 6ms
2026-06-26T08:34:22.442Z ::1 GET /api/products 304 44ms
2026-06-26T08:34:22.455Z ::1 GET /api/categories 304 10ms
2026-06-26T08:34:22.528Z ::1 GET /api/products 304 12ms
2026-06-26T08:34:22.533Z ::1 GET /api/categories 304 9ms
2026-06-26T08:36:50.615Z ::1 GET /api-docs/ 304 5ms
2026-06-26T08:36:50.652Z ::1 GET /api-docs/swagger-ui.css 304 7ms
2026-06-26T08:36:50.666Z ::1 GET /api-docs/swagger-ui-init.js 200 5ms
2026-06-26T08:36:50.668Z ::1 GET /api-docs/swagger-ui-bundle.js 304 19ms
2026-06-26T08:36:50.677Z ::1 GET /api-docs/swagger-ui-standalone-preset.js 304 18ms
2026-06-26T08:36:51.254Z ::1 GET /api-docs/favicon-32x32.png 304 13ms
2026-06-26T08:37:08.633Z ::1 GET /api-docs/ 304 2ms
2026-06-26T08:37:08.671Z ::1 GET /api-docs/swagger-ui-init.js 304 3ms
2026-06-26T08:37:08.676Z ::1 GET /api-docs/swagger-ui.css 304 15ms
2026-06-26T08:37:08.678Z ::1 GET /api-docs/swagger-ui-bundle.js 304 15ms
2026-06-26T08:37:08.679Z ::1 GET /api-docs/swagger-ui-standalone-preset.js 304 13ms
2026-06-26T08:37:09.149Z ::1 GET /api-docs/favicon-32x32.png 304 8ms
2026-06-26T08:37:11.194Z ::1 GET /api-docs/ 304 1ms
2026-06-26T08:37:11.233Z ::1 GET /api-docs/swagger-ui-init.js 304 2ms
2026-06-26T08:37:11.239Z ::1 GET /api-docs/swagger-ui-bundle.js 304 11ms
2026-06-26T08:37:11.235Z ::1 GET /api-docs/swagger-ui.css 304 11ms
2026-06-26T08:37:11.244Z ::1 GET /api-docs/swagger-ui-standalone-preset.js 304 14ms
2026-06-26T08:37:11.715Z ::1 GET /api-docs/favicon-32x32.png 304 1ms
2026-06-26T08:37:19.911Z ::1 GET /api/products 304 14ms
2026-06-26T08:37:19.915Z ::1 GET /api/categories 304 11ms
2026-06-26T08:37:38.561Z ::1 POST /api/auth/register 500 815ms
2026-06-26T08:37:48.943Z ::1 POST /api/auth/register 500 770ms
2026-06-26T08:39:06.780Z ::1 POST /api/auth/register 500 1294ms
2026-06-26T08:40:25.391Z ::ffff:127.0.0.1 POST /api/auth/register 201 1638ms
2026-06-26T08:43:09.779Z ::1 POST /api/auth/verify-otp 200 28ms
2026-06-26T08:44:01.934Z ::1 PUT /api/users/profile 200 22ms
2026-06-26T08:44:07.544Z ::1 PUT /api/users/profile 200 15ms
2026-06-26T08:44:20.530Z ::1 GET /api/products 304 20ms
2026-06-26T08:44:20.535Z ::1 GET /api/categories 304 12ms
2026-06-26T08:45:50.313Z ::1 POST /api/auth/logout 200 26ms
2026-06-26T08:45:58.350Z ::1 POST /api/auth/login 200 910ms
2026-06-26T08:46:53.489Z ::1 GET /api/products 304 12ms
2026-06-26T08:46:53.492Z ::1 GET /api/categories 304 8ms
2026-06-26T08:46:56.296Z ::1 GET /api/products?search=&sort=newest 200 9ms
2026-06-26T08:47:21.148Z ::1 POST /api/auth/logout 200 4ms
2026-06-26T08:49:45.101Z ::1 POST /api/auth/login 200 527ms
2026-06-26T08:49:45.204Z ::1 GET /api/products 304 5ms
2026-06-26T08:49:45.206Z ::1 GET /api/categories 304 4ms
2026-06-26T08:50:06.545Z ::1 GET /api/products 304 5ms
2026-06-26T08:50:06.548Z ::1 GET /api/categories 304 6ms
2026-06-26T08:56:50.588Z ::1 GET /api/categories 200 16ms
2026-06-26T08:56:50.599Z ::1 GET /api/products 200 105ms
2026-06-26T08:56:50.624Z ::1 GET /api/categories 200 14ms
2026-06-26T08:56:50.635Z ::1 GET /api/products 200 34ms
2026-06-26T09:06:27.859Z ::1 GET /api/products 304 42ms
2026-06-26T09:06:27.882Z ::1 GET /api/cart 401 14ms
2026-06-26T09:06:27.891Z ::1 GET /api/categories 304 26ms
2026-06-26T09:06:27.898Z ::1 GET /api/wishlist 401 2ms
2026-06-26T09:06:28.077Z ::1 POST /api/auth/refresh-token 200 18ms
2026-06-26T09:06:28.081Z ::1 POST /api/auth/refresh-token 200 14ms
2026-06-26T09:06:28.154Z ::1 GET /api/wishlist 200 55ms
2026-06-26T09:06:28.158Z ::1 GET /api/cart 200 63ms
2026-06-26T09:06:28.241Z ::1 GET /api/cart 401 1ms
2026-06-26T09:06:28.249Z ::1 GET /api/wishlist 401 2ms
2026-06-26T09:06:28.253Z ::1 GET /api/categories 304 37ms
2026-06-26T09:06:28.257Z ::1 GET /api/products 304 65ms
2026-06-26T09:06:28.322Z ::1 POST /api/auth/refresh-token 401 1ms
2026-06-26T09:06:28.340Z ::1 POST /api/auth/refresh-token 401 2ms
2026-06-26T12:07:27.188Z ::1 GET /api-docs/ 200 10ms
2026-06-26T12:07:27.231Z ::1 GET /api-docs/swagger-ui-init.js 200 1ms
2026-06-26T12:07:27.246Z ::1 GET /api-docs/swagger-ui.css 304 31ms
2026-06-26T12:07:27.251Z ::1 GET /api-docs/swagger-ui-bundle.js 304 30ms
2026-06-26T12:07:27.255Z ::1 GET /api-docs/swagger-ui-standalone-preset.js 304 28ms
2026-06-26T12:07:27.729Z ::1 GET /api-docs/favicon-32x32.png 304 1ms
2026-06-26T12:07:32.202Z ::1 POST /api/auth/login 200 655ms
2026-06-26T12:07:32.739Z ::1 GET /api/categories 200 123ms
2026-06-26T12:07:32.781Z ::1 GET /api/products 200 264ms
2026-06-26T12:07:32.856Z ::1 GET /api/cart 200 180ms
2026-06-26T12:07:32.914Z ::1 GET /api/cart 200 218ms
2026-06-26T12:07:32.941Z ::1 GET /api/wishlist 200 226ms
2026-06-26T12:07:33.010Z ::1 GET /api/wishlist 200 308ms
2026-06-26T12:08:49.570Z ::1 POST /api/cart/items 201 44ms
2026-06-26T12:08:53.111Z ::1 GET /api/cart 200 18ms
2026-06-26T12:08:53.115Z ::1 GET /api/cart 200 19ms
2026-06-26T12:09:06.394Z ::1 GET /api/products?search=&category=&sort=newest 200 10ms
2026-06-26T12:09:20.670Z ::1 POST /api/auth/logout 200 12ms
2026-06-29T06:03:15.344Z ::1 GET /api-docs/ 200 17ms
2026-06-29T06:03:15.406Z ::1 GET /api-docs/swagger-ui-init.js 200 1ms
2026-06-29T06:03:15.413Z ::1 GET /api-docs/swagger-ui.css 304 13ms
2026-06-29T06:03:15.416Z ::1 GET /api-docs/swagger-ui-standalone-preset.js 304 12ms
2026-06-29T06:03:15.418Z ::1 GET /api-docs/swagger-ui-bundle.js 304 8ms
2026-06-29T06:03:25.066Z ::1 GET /api/categories 200 30ms
2026-06-29T06:03:25.075Z ::1 GET /api/products 200 56ms
2026-06-29T06:03:33.028Z ::1 GET /api/categories 200 20ms
2026-06-29T06:03:33.035Z ::1 GET /api/products 200 34ms
2026-06-29T08:45:39.175Z ::1 POST /api/auth/login 200 844ms
2026-06-29T08:45:39.819Z ::1 GET /api/products 200 44ms
2026-06-29T08:45:39.833Z ::1 GET /api/categories 200 28ms
2026-06-29T08:45:39.893Z ::1 GET /api/wishlist 200 72ms
2026-06-29T08:45:39.910Z ::1 GET /api/notifications 200 66ms
2026-06-29T08:45:39.926Z ::1 GET /api/wishlist 200 73ms
2026-06-29T08:45:39.928Z ::1 GET /api/notifications 200 66ms
2026-06-29T08:45:39.936Z ::1 GET /api/cart 200 98ms
2026-06-29T08:45:39.947Z ::1 GET /api/cart 200 100ms
2026-06-29T08:45:48.706Z ::1 GET /api/products?search=&category=&sort=newest 200 24ms
2026-06-29T08:46:02.382Z ::1 POST /api/cart/items 201 36ms
2026-06-29T08:46:04.767Z ::1 POST /api/cart/items 201 26ms
2026-06-29T08:46:11.293Z ::1 GET /api/cart 200 18ms
2026-06-29T08:46:11.297Z ::1 GET /api/cart 200 20ms
2026-06-29T08:46:14.014Z ::1 GET /api/addresses 200 16ms
2026-06-29T08:47:55.136Z ::1 POST /api/auth/logout 200 13ms
2026-06-29T08:48:02.312Z ::1 POST /api/auth/login 200 729ms
2026-06-29T08:48:02.511Z ::1 GET /api/products 200 62ms
2026-06-29T08:48:02.525Z ::1 GET /api/categories 200 58ms
2026-06-29T08:48:02.586Z ::1 GET /api/wishlist 200 73ms
2026-06-29T08:48:02.611Z ::1 GET /api/wishlist 200 83ms
2026-06-29T08:48:02.617Z ::1 GET /api/cart 200 121ms
2026-06-29T08:48:02.627Z ::1 GET /api/notifications 200 85ms
2026-06-29T08:48:02.643Z ::1 GET /api/notifications 200 83ms
2026-06-29T08:48:02.656Z ::1 GET /api/cart 200 102ms
2026-06-29T08:48:07.565Z ::1 POST /api/auth/logout 200 5ms
2026-06-29T08:59:04.882Z ::1 GET /api-docs/ 200 5ms
2026-06-29T08:59:04.927Z ::1 GET /api-docs/swagger-ui.css 304 8ms
2026-06-29T08:59:04.933Z ::1 GET /api-docs/swagger-ui-init.js 200 1ms
2026-06-29T08:59:04.942Z ::1 GET /api-docs/swagger-ui-bundle.js 304 18ms
2026-06-29T08:59:04.945Z ::1 GET /api-docs/swagger-ui-standalone-preset.js 304 16ms
2026-06-29T08:59:05.906Z ::1 GET /api-docs/favicon-32x32.png 304 1ms
2026-06-29T08:59:54.773Z ::1 POST /api/auth/login 401 6ms
2026-06-29T08:59:58.101Z ::1 POST /api/auth/login 401 6ms
2026-06-29T09:00:59.326Z ::1 POST /api/auth/login 401 6ms
2026-06-29T09:01:00.596Z ::1 POST /api/auth/login 401 15ms
2026-06-29T09:01:21.678Z ::1 POST /api/auth/login 401 4ms
2026-06-29T09:02:17.522Z ::1 POST /api/auth/login 401 8ms
2026-06-29T09:02:19.413Z ::1 POST /api/auth/login 401 6ms
2026-06-29T09:02:44.080Z ::1 POST /api/auth/login 401 3ms
2026-06-29T09:04:30.015Z ::1 POST /api/auth/login 200 755ms
2026-06-29T09:04:30.775Z ::1 GET /api/categories 200 43ms
2026-06-29T09:04:30.876Z ::1 GET /api/dashboard/admin 200 148ms
2026-06-29T09:04:30.883Z ::1 GET /api/cart 200 149ms
2026-06-29T09:04:30.889Z ::1 GET /api/cart 200 104ms
2026-06-29T09:04:30.917Z ::1 GET /api/wishlist 200 52ms
2026-06-29T09:04:30.923Z ::1 GET /api/wishlist 200 106ms
2026-06-29T09:04:30.950Z ::1 GET /api/notifications 200 129ms
2026-06-29T09:04:30.933Z ::1 GET /api/notifications 200 37ms
2026-06-29T09:04:50.700Z ::1 GET /api/users?page=1&limit=20 200 11ms
2026-06-29T09:05:15.921Z ::1 GET /api/products?search=&category=Fruits&sort=newest 200 19ms
2026-06-29T09:16:41.276Z ::1 GET /api/categories 200 19ms
2026-06-29T09:16:41.314Z ::1 GET /api/cart 200 54ms
2026-06-29T09:16:41.360Z ::1 GET /api/wishlist 200 58ms
2026-06-29T09:16:41.391Z ::1 GET /api/cart 200 104ms
2026-06-29T09:16:41.402Z ::1 GET /api/dashboard/admin 200 148ms
2026-06-29T09:16:41.411Z ::1 GET /api/wishlist 200 103ms
2026-06-29T09:16:41.423Z ::1 GET /api/notifications 200 93ms
2026-06-29T09:16:41.426Z ::1 GET /api/notifications 200 32ms
2026-06-29T09:16:55.253Z ::1 GET /api/categories 200 34ms
2026-06-29T09:16:55.313Z ::1 GET /api/cart 200 88ms
2026-06-29T09:16:55.328Z ::1 GET /api/cart 200 72ms
2026-06-29T09:16:55.331Z ::1 GET /api/wishlist 200 63ms
2026-06-29T09:16:55.345Z ::1 GET /api/dashboard/admin 200 133ms
2026-06-29T09:16:55.349Z ::1 GET /api/notifications 200 41ms
2026-06-29T09:16:55.347Z ::1 GET /api/wishlist 200 46ms
2026-06-29T09:16:55.361Z ::1 GET /api/notifications 200 20ms
2026-06-29T09:16:59.984Z ::1 POST /api/auth/logout 200 4ms
2026-06-29T09:17:02.765Z ::1 POST /api/auth/login 200 779ms
2026-06-29T09:17:02.947Z ::1 GET /api/cart 200 31ms
2026-06-29T09:17:02.976Z ::1 GET /api/wishlist 200 39ms
2026-06-29T09:17:02.981Z ::1 GET /api/wishlist 200 30ms
2026-06-29T09:17:02.979Z ::1 GET /api/cart 200 37ms
2026-06-29T09:17:02.983Z ::1 GET /api/notifications 200 26ms
2026-06-29T09:17:02.988Z ::1 GET /api/notifications 200 27ms
2026-06-29T09:17:10.474Z ::1 GET /api/users?page=1&limit=20 200 18ms
2026-06-29T09:17:19.746Z ::1 POST /api/auth/logout 200 6ms
2026-06-29T09:17:42.507Z ::1 POST /api/auth/login 200 755ms
2026-06-29T09:17:42.653Z ::1 GET /api/dashboard/vendor 200 42ms
2026-06-29T09:17:42.663Z ::1 GET /api/dashboard/vendor 200 37ms
2026-06-29T09:17:42.696Z ::1 GET /api/dashboard/vendor 200 49ms
2026-06-29T09:17:42.729Z ::1 GET /api/notifications 200 49ms
2026-06-29T09:17:42.736Z ::1 GET /api/cart 200 77ms
2026-06-29T09:17:42.761Z ::1 GET /api/wishlist 200 85ms
2026-06-29T09:17:42.782Z ::1 GET /api/cart 409 96ms
2026-06-29T09:17:42.797Z ::1 GET /api/wishlist 409 105ms
2026-06-29T09:17:42.806Z ::1 GET /api/notifications 200 92ms
2026-06-29T09:17:54.392Z ::1 GET /api/dashboard/vendor 200 17ms
2026-06-29T09:17:54.395Z ::1 GET /api/dashboard/vendor 200 17ms
2026-06-29T09:17:57.623Z ::1 POST /api/auth/logout 200 5ms
2026-06-29T09:18:17.566Z ::1 POST /api/auth/login 200 765ms
2026-06-29T09:18:17.680Z ::1 GET /api/delivery/my-deliveries 200 24ms
2026-06-29T09:18:17.722Z ::1 GET /api/cart 200 59ms
2026-06-29T09:18:17.729Z ::1 GET /api/wishlist 200 64ms
2026-06-29T09:18:17.737Z ::1 GET /api/dashboard/delivery 200 76ms
2026-06-29T09:18:17.744Z ::1 GET /api/dashboard/delivery 200 85ms
2026-06-29T09:18:17.763Z ::1 GET /api/cart 200 62ms
2026-06-29T09:18:17.770Z ::1 GET /api/dashboard/delivery 200 89ms
2026-06-29T09:18:17.790Z ::1 GET /api/wishlist 200 35ms
2026-06-29T09:18:17.798Z ::1 GET /api/notifications 200 23ms
2026-06-29T09:18:17.795Z ::1 GET /api/notifications 200 30ms
2026-06-29T09:18:31.042Z ::1 GET /api/delivery/my-deliveries?status=Out+For+Delivery 200 26ms
2026-06-29T09:18:32.309Z ::1 GET /api/delivery/completed 200 14ms
2026-06-29T09:18:33.780Z ::1 GET /api/products 200 23ms
2026-06-29T09:18:34.770Z ::1 GET /api/products?search=&category=&sort=newest 200 12ms
2026-06-29T09:18:36.768Z ::1 GET /api/products?sort=priceLowToHigh 200 17ms
2026-06-29T09:18:40.161Z ::1 GET /api/cart 200 20ms
2026-06-29T09:18:40.175Z ::1 GET /api/wishlist 200 32ms
2026-06-29T09:18:40.181Z ::1 GET /api/notifications 200 36ms
2026-06-29T09:18:40.197Z ::1 GET /api/cart 200 44ms
2026-06-29T09:18:40.209Z ::1 GET /api/wishlist 200 45ms
2026-06-29T09:18:40.215Z ::1 GET /api/notifications 200 46ms
2026-06-29T09:18:44.864Z ::1 GET /api/cart 200 24ms
2026-06-29T09:18:44.872Z ::1 GET /api/wishlist 200 28ms
2026-06-29T09:18:44.875Z ::1 GET /api/notifications 200 29ms
2026-06-29T09:18:44.879Z ::1 GET /api/cart 200 30ms
2026-06-29T09:18:44.886Z ::1 GET /api/wishlist 200 32ms
2026-06-29T09:18:44.890Z ::1 GET /api/notifications 200 33ms
2026-06-29T09:18:50.889Z ::1 GET /api/dashboard/delivery 200 23ms
2026-06-29T09:18:50.892Z ::1 GET /api/dashboard/delivery 200 22ms
2026-06-29T09:28:39.915Z ::1 GET /api/delivery/my-deliveries 200 7ms
2026-06-29T09:28:39.930Z ::1 GET /api/categories 200 13ms
2026-06-29T09:28:39.943Z ::1 GET /api/cart 200 24ms
2026-06-29T09:28:39.944Z ::1 GET /api/dashboard/delivery 200 32ms
2026-06-29T09:28:39.947Z ::1 GET /api/wishlist 200 22ms
2026-06-29T09:28:39.951Z ::1 GET /api/dashboard/delivery 200 35ms
2026-06-29T09:28:39.965Z ::1 GET /api/cart 200 25ms
2026-06-29T09:28:39.971Z ::1 GET /api/dashboard/delivery 200 36ms
2026-06-29T09:28:39.975Z ::1 GET /api/wishlist 200 21ms
2026-06-29T09:28:39.980Z ::1 GET /api/notifications 200 22ms
2026-06-29T09:28:39.981Z ::1 GET /api/notifications 200 13ms
2026-06-29T09:33:08.907Z ::1 GET /api/delivery/my-deliveries 200 6ms
2026-06-29T09:33:08.917Z ::1 GET /api/categories 200 7ms
2026-06-29T09:33:08.926Z ::1 GET /api/dashboard/delivery 200 22ms
2026-06-29T09:33:08.934Z ::1 GET /api/dashboard/delivery 200 29ms
2026-06-29T09:33:08.935Z ::1 GET /api/wishlist 200 21ms
2026-06-29T09:33:08.931Z ::1 GET /api/cart 200 20ms
2026-06-29T09:33:08.949Z ::1 GET /api/cart 200 22ms
2026-06-29T09:33:08.944Z ::1 GET /api/dashboard/delivery 200 29ms
2026-06-29T09:33:08.953Z ::1 GET /api/wishlist 200 14ms
2026-06-29T09:33:08.955Z ::1 GET /api/notifications 200 15ms
2026-06-29T09:33:08.956Z ::1 GET /api/notifications 200 8ms
2026-06-29T09:33:15.438Z ::1 GET /api/categories 200 20ms
2026-06-29T09:33:15.448Z ::1 GET /api/delivery/my-deliveries 200 36ms
2026-06-29T09:33:15.479Z ::1 GET /api/cart 200 53ms
2026-06-29T09:33:15.483Z ::1 GET /api/wishlist 200 54ms
2026-06-29T09:33:15.487Z ::1 GET /api/dashboard/delivery 200 73ms
2026-06-29T09:33:15.495Z ::1 GET /api/dashboard/delivery 200 74ms
2026-06-29T09:33:15.510Z ::1 GET /api/notifications 200 44ms
2026-06-29T09:33:15.533Z ::1 GET /api/cart 200 34ms
2026-06-29T09:33:15.535Z ::1 GET /api/dashboard/delivery 200 64ms
2026-06-29T09:33:15.537Z ::1 GET /api/wishlist 200 34ms
2026-06-29T09:33:15.539Z ::1 GET /api/notifications 200 34ms
2026-06-29T09:33:18.488Z ::1 GET /api/delivery/my-deliveries?status=Out+For+Delivery 401 3ms
2026-06-29T09:33:18.518Z ::1 POST /api/auth/refresh-token 200 10ms
2026-06-29T09:33:18.549Z ::1 GET /api/delivery/my-deliveries?status=Out+For+Delivery 200 19ms
2026-06-29T09:33:19.218Z ::1 GET /api/delivery/completed 200 11ms
2026-06-29T09:33:22.235Z ::1 POST /api/auth/logout 200 3ms
2026-06-29T09:33:28.330Z ::1 POST /api/auth/login 200 760ms
2026-06-29T09:33:28.446Z ::1 GET /api/dashboard/vendor 200 31ms
2026-06-29T09:33:28.492Z ::1 GET /api/dashboard/vendor 200 44ms
2026-06-29T09:33:28.484Z ::1 GET /api/dashboard/vendor 200 48ms
2026-06-29T09:33:28.495Z ::1 GET /api/cart 200 41ms
2026-06-29T09:33:28.498Z ::1 GET /api/notifications 200 41ms
2026-06-29T09:33:28.506Z ::1 GET /api/cart 200 46ms
2026-06-29T09:33:28.518Z ::1 GET /api/wishlist 200 52ms
2026-06-29T09:33:28.527Z ::1 GET /api/notifications 200 16ms
2026-06-29T09:33:28.531Z ::1 GET /api/wishlist 200 12ms
2026-06-29T09:55:26.404Z ::1 GET /api/dashboard/vendor 401 2ms
2026-06-29T09:55:26.411Z ::1 GET /api/dashboard/vendor 401 1ms
2026-06-29T09:55:26.431Z ::1 GET /api/categories 200 8ms
2026-06-29T09:55:26.440Z ::1 GET /api/cart 401 2ms
2026-06-29T09:55:26.446Z ::1 GET /api/wishlist 401 2ms
2026-06-29T09:55:26.449Z ::1 GET /api/notifications 401 2ms
2026-06-29T09:55:26.451Z ::1 GET /api/dashboard/vendor 401 1ms
2026-06-29T09:55:26.472Z ::1 GET /api/cart 401 2ms
2026-06-29T09:55:26.488Z ::1 GET /api/wishlist 401 1ms
2026-06-29T09:55:26.502Z ::1 GET /api/notifications 401 2ms
2026-06-29T09:55:27.390Z ::1 POST /api/auth/refresh-token 200 6ms
2026-06-29T09:55:27.399Z ::1 POST /api/auth/refresh-token 200 5ms
2026-06-29T09:55:27.409Z ::1 POST /api/auth/refresh-token 200 6ms
2026-06-29T09:55:27.421Z ::1 POST /api/auth/refresh-token 200 8ms
2026-06-29T09:55:27.436Z ::1 POST /api/auth/refresh-token 200 4ms
2026-06-29T09:55:27.445Z ::1 POST /api/auth/refresh-token 200 7ms
2026-06-29T09:55:27.457Z ::1 POST /api/auth/refresh-token 200 8ms
2026-06-29T09:55:27.462Z ::1 POST /api/auth/refresh-token 200 9ms
2026-06-29T09:55:27.503Z ::1 POST /api/auth/refresh-token 200 5ms
2026-06-29T09:55:27.514Z ::1 GET /api/dashboard/vendor 200 9ms
2026-06-29T09:55:27.651Z ::1 GET /api/dashboard/vendor 200 13ms
2026-06-29T09:55:27.653Z ::1 GET /api/cart 200 13ms
2026-06-29T09:55:27.665Z ::1 GET /api/wishlist 200 18ms
2026-06-29T09:55:27.667Z ::1 GET /api/notifications 200 10ms
2026-06-29T09:55:27.687Z ::1 GET /api/dashboard/vendor 200 8ms
2026-06-29T09:55:27.728Z ::1 GET /api/cart 200 8ms
2026-06-29T09:55:27.754Z ::1 GET /api/wishlist 200 8ms
2026-06-29T09:55:27.784Z ::1 GET /api/notifications 200 6ms
2026-06-29T10:04:00.934Z ::1 GET /api/categories 200 24ms
2026-06-29T10:04:00.938Z ::1 GET /api/dashboard/vendor 200 25ms
2026-06-29T10:04:00.942Z ::1 GET /api/cart 200 28ms
2026-06-29T10:04:00.949Z ::1 GET /api/dashboard/vendor 200 54ms
2026-06-29T10:04:00.963Z ::1 GET /api/dashboard/vendor 200 63ms
2026-06-29T10:04:00.967Z ::1 GET /api/cart 200 59ms
2026-06-29T10:04:00.970Z ::1 GET /api/wishlist 200 19ms
2026-06-29T10:04:00.972Z ::1 GET /api/notifications 200 19ms
2026-06-29T10:04:00.974Z ::1 GET /api/wishlist 200 19ms
2026-06-29T10:04:00.975Z ::1 GET /api/notifications 200 17ms
2026-06-29T10:09:30.909Z ::1 GET /api/dashboard/vendor 200 10ms
2026-06-29T10:09:30.919Z ::1 GET /api/categories 200 9ms
2026-06-29T10:09:30.925Z ::1 GET /api/dashboard/vendor 200 19ms
2026-06-29T10:09:30.935Z ::1 GET /api/cart 200 24ms
2026-06-29T10:09:30.938Z ::1 GET /api/dashboard/vendor 200 24ms
2026-06-29T10:09:30.940Z ::1 GET /api/cart 200 24ms
2026-06-29T10:09:30.950Z ::1 GET /api/notifications 200 19ms
2026-06-29T10:09:30.951Z ::1 GET /api/wishlist 200 16ms
2026-06-29T10:09:30.953Z ::1 GET /api/wishlist 200 10ms
2026-06-29T10:09:30.956Z ::1 GET /api/notifications 200 9ms
2026-07-06T06:26:52.184Z ::1 GET /api/wishlist 401 61ms
2026-07-06T06:26:52.201Z ::1 GET /api/cart 401 5ms
2026-07-06T06:26:52.208Z ::1 GET /api/notifications 401 2ms
2026-07-06T06:26:52.219Z ::1 GET /api/cart 401 4ms
2026-07-06T06:26:52.228Z ::1 GET /api/wishlist 401 6ms
2026-07-06T06:26:52.237Z ::1 GET /api/notifications 401 2ms
2026-07-06T06:26:52.321Z ::1 GET /api/categories 200 131ms
2026-07-06T06:26:52.422Z ::1 GET /api/products 200 484ms
2026-07-06T06:26:52.425Z ::1 POST /api/auth/refresh-token 401 44ms
2026-07-06T06:26:52.427Z ::1 POST /api/auth/refresh-token 401 37ms
2026-07-06T06:26:52.429Z ::1 POST /api/auth/refresh-token 401 35ms
2026-07-06T06:26:52.432Z ::1 POST /api/auth/refresh-token 401 31ms
2026-07-06T06:26:52.434Z ::1 POST /api/auth/refresh-token 401 28ms
2026-07-06T06:26:52.445Z ::1 POST /api/auth/refresh-token 401 5ms
2026-07-06T06:27:00.453Z ::1 GET /api/categories 200 21ms
2026-07-06T06:27:00.465Z ::1 GET /api/products 200 41ms
2026-07-06T06:27:08.577Z ::1 POST /api/auth/login 200 486ms
2026-07-06T06:27:08.898Z ::1 GET /api/notifications 200 114ms
2026-07-06T06:27:08.907Z ::1 GET /api/notifications 200 6ms
2026-07-06T06:27:08.972Z ::1 GET /api/dashboard/admin 200 200ms
2026-07-06T06:27:09.005Z ::1 GET /api/wishlist 200 224ms
2026-07-06T06:27:09.013Z ::1 GET /api/wishlist 409 213ms
2026-07-06T06:27:09.025Z ::1 GET /api/cart 200 248ms
2026-07-06T06:27:09.029Z ::1 GET /api/cart 409 244ms
2026-07-06T06:27:18.367Z ::1 GET /api/categories 200 16ms
2026-07-06T06:27:18.387Z ::1 GET /api/products 200 39ms
2026-07-06T06:27:18.401Z ::1 GET /api/cart 200 47ms
2026-07-06T06:27:18.418Z ::1 GET /api/wishlist 200 62ms
2026-07-06T06:27:18.430Z ::1 GET /api/cart 200 58ms
2026-07-06T06:27:18.437Z ::1 GET /api/wishlist 200 45ms
2026-07-06T06:27:18.439Z ::1 GET /api/notifications 200 30ms
2026-07-06T06:27:18.442Z ::1 GET /api/notifications 200 22ms
2026-07-06T06:27:25.962Z ::1 POST /api/auth/logout 200 13ms
2026-07-06T06:27:43.355Z ::1 GET /api/products?search=&category=&sort=newest 200 14ms
2026-07-06T06:27:56.790Z ::1 GET /api/products?sort=priceLowToHigh 200 38ms
2026-07-06T06:29:23.362Z ::1 POST /api/auth/login 200 413ms
2026-07-06T06:29:23.558Z ::1 GET /api/cart 200 51ms
2026-07-06T06:29:23.581Z ::1 GET /api/wishlist 200 72ms
2026-07-06T06:29:23.590Z ::1 GET /api/wishlist 200 42ms
2026-07-06T06:29:23.594Z ::1 GET /api/cart 200 83ms
2026-07-06T06:29:23.598Z ::1 GET /api/notifications 200 83ms
2026-07-06T06:29:23.614Z ::1 GET /api/dashboard/admin 200 110ms
2026-07-06T06:29:23.617Z ::1 GET /api/notifications 200 33ms
2026-07-06T06:29:28.454Z ::1 GET /api/users?page=1&limit=20 200 12ms
2026-07-06T06:29:36.389Z ::1 POST /api/auth/logout 200 9ms
2026-07-06T06:29:40.968Z ::1 POST /api/auth/login 200 442ms
2026-07-06T06:29:41.168Z ::1 GET /api/dashboard/vendor 200 58ms
2026-07-06T06:29:41.158Z ::1 GET /api/dashboard/vendor 200 76ms
2026-07-06T06:29:41.184Z ::1 GET /api/dashboard/vendor 200 64ms
2026-07-06T06:29:41.214Z ::1 GET /api/cart 200 80ms
2026-07-06T06:29:41.224Z ::1 GET /api/wishlist 200 99ms
2026-07-06T06:29:41.246Z ::1 GET /api/notifications 200 91ms
2026-07-06T06:29:41.282Z ::1 GET /api/cart 200 83ms
2026-07-06T06:29:41.291Z ::1 GET /api/wishlist 200 72ms
2026-07-06T06:29:41.295Z ::1 GET /api/notifications 200 58ms
2026-07-06T06:29:59.694Z ::1 POST /api/auth/logout 200 5ms
2026-07-06T06:30:02.733Z ::1 POST /api/auth/login 200 416ms
2026-07-06T06:30:02.935Z ::1 GET /api/delivery/my-deliveries 200 126ms
2026-07-06T06:30:02.942Z ::1 GET /api/dashboard/delivery 200 89ms
2026-07-06T06:30:02.946Z ::1 GET /api/dashboard/delivery 200 87ms
2026-07-06T06:30:02.955Z ::1 GET /api/cart 200 62ms
2026-07-06T06:30:02.965Z ::1 GET /api/wishlist 200 70ms
2026-07-06T06:30:02.986Z ::1 GET /api/dashboard/delivery 200 98ms
2026-07-06T06:30:03.029Z ::1 GET /api/notifications 200 59ms
2026-07-06T06:30:03.039Z ::1 GET /api/cart 200 65ms
2026-07-06T06:30:03.044Z ::1 GET /api/wishlist 200 66ms
2026-07-06T06:30:03.051Z ::1 GET /api/notifications 200 61ms
2026-07-06T06:57:05.920Z ::1 GET /api/delivery/my-deliveries 401 1ms
2026-07-06T06:57:05.924Z ::1 GET /api/cart 401 1ms
2026-07-06T06:57:05.925Z ::1 GET /api/dashboard/delivery 401 3ms
2026-07-06T06:57:05.933Z ::1 GET /api/wishlist 401 2ms
2026-07-06T06:57:05.934Z ::1 GET /api/dashboard/delivery 401 7ms
2026-07-06T06:57:05.938Z ::1 GET /api/notifications 401 1ms
2026-07-06T06:57:05.957Z ::1 POST /api/auth/refresh-token 200 17ms
2026-07-06T06:57:05.960Z ::1 POST /api/auth/refresh-token 200 14ms
2026-07-06T06:57:05.967Z ::1 POST /api/auth/refresh-token 200 17ms
2026-07-06T06:57:05.969Z ::1 POST /api/auth/refresh-token 200 17ms
2026-07-06T06:57:05.971Z ::1 POST /api/auth/refresh-token 200 17ms
2026-07-06T06:57:05.983Z ::1 POST /api/auth/refresh-token 200 20ms
2026-07-06T06:57:06.009Z ::1 GET /api/cart 200 33ms
2026-07-06T06:57:06.022Z ::1 GET /api/delivery/my-deliveries 200 50ms
2026-07-06T06:57:06.017Z ::1 GET /api/wishlist 200 30ms
2026-07-06T06:57:06.031Z ::1 GET /api/notifications 200 34ms
2026-07-06T06:57:06.040Z ::1 GET /api/dashboard/delivery 200 56ms
2026-07-06T06:57:06.043Z ::1 GET /api/dashboard/delivery 200 52ms
2026-07-06T07:09:35.262Z ::1 GET /api/delivery/my-deliveries 200 46ms
2026-07-06T07:09:35.365Z ::1 GET /api/dashboard/delivery 200 56ms
2026-07-06T07:09:35.400Z ::1 GET /api/dashboard/delivery 200 72ms
2026-07-06T07:19:30.171Z ::1 GET /api/cart 401 1ms
2026-07-06T07:19:30.177Z ::1 GET /api/wishlist 401 2ms
2026-07-06T07:19:30.208Z ::1 GET /api/notifications 401 13ms
2026-07-06T07:19:30.269Z ::1 GET /api/notifications 401 4ms
2026-07-06T07:19:30.245Z ::1 GET /api/cart 401 10ms
2026-07-06T07:19:30.252Z ::1 GET /api/wishlist 401 2ms
2026-07-06T07:19:30.315Z ::1 POST /api/auth/refresh-token 200 35ms
2026-07-06T07:19:30.323Z ::1 POST /api/auth/refresh-token 200 36ms
2026-07-06T07:19:30.339Z ::1 POST /api/auth/refresh-token 200 40ms
2026-07-06T07:19:30.332Z ::1 POST /api/auth/refresh-token 200 41ms
2026-07-06T07:19:30.342Z ::1 POST /api/auth/refresh-token 200 39ms
2026-07-06T07:19:30.348Z ::1 POST /api/auth/refresh-token 200 31ms
2026-07-06T07:19:30.380Z ::1 GET /api/cart 200 36ms
2026-07-06T07:19:30.386Z ::1 GET /api/cart 200 36ms
2026-07-06T07:19:30.390Z ::1 GET /api/notifications 200 36ms
2026-07-06T07:19:30.392Z ::1 GET /api/wishlist 200 34ms
2026-07-06T07:19:30.393Z ::1 GET /api/notifications 200 30ms
2026-07-06T07:19:30.396Z ::1 GET /api/wishlist 200 27ms
2026-07-06T07:19:30.443Z ::1 GET /api/dashboard/delivery 200 34ms
2026-07-06T07:19:30.449Z ::1 GET /api/delivery/my-deliveries 200 25ms
2026-07-06T07:19:30.457Z ::1 GET /api/delivery/earnings 200 44ms
2026-07-06T07:19:45.985Z ::1 POST /api/auth/login 200 729ms
2026-07-06T07:19:46.166Z ::1 GET /api/cart 200 61ms
2026-07-06T07:19:46.211Z ::1 GET /api/wishlist 200 95ms
2026-07-06T07:19:46.201Z ::1 GET /api/cart 200 90ms
2026-07-06T07:19:46.238Z ::1 GET /api/notifications 200 118ms
2026-07-06T07:19:46.249Z ::1 GET /api/wishlist 200 113ms
2026-07-06T07:19:46.258Z ::1 GET /api/notifications 200 101ms
2026-07-06T07:19:46.442Z ::1 GET /api/dashboard/admin 200 52ms
2026-07-06T07:20:03.607Z ::1 GET /api/wishlist 200 96ms
2026-07-06T07:20:03.625Z ::1 GET /api/cart 200 117ms
2026-07-06T07:20:03.645Z ::1 GET /api/cart 200 52ms
2026-07-06T07:20:03.658Z ::1 GET /api/notifications 200 131ms
2026-07-06T07:20:03.679Z ::1 GET /api/wishlist 200 82ms
2026-07-06T07:20:03.693Z ::1 GET /api/notifications 200 91ms
2026-07-06T07:20:03.838Z ::1 GET /api/dashboard/admin 200 43ms
2026-07-06T07:20:13.799Z ::1 POST /api/auth/login 200 658ms
2026-07-06T07:20:13.975Z ::1 GET /api/cart 200 71ms
2026-07-06T07:20:13.994Z ::1 GET /api/wishlist 200 73ms
2026-07-06T07:20:13.984Z ::1 GET /api/cart 200 87ms
2026-07-06T07:20:14.000Z ::1 GET /api/notifications 200 76ms
2026-07-06T07:20:14.021Z ::1 GET /api/wishlist 200 83ms
2026-07-06T07:20:14.026Z ::1 GET /api/notifications 200 56ms
2026-07-06T07:20:14.187Z ::1 GET /api/dashboard/vendor 200 12ms
2026-07-06T07:20:14.203Z ::1 GET /api/vendor/earnings 200 20ms
2026-07-06T07:20:26.990Z ::1 GET /api/vendor/products 200 29ms
2026-07-06T07:20:29.767Z ::1 GET /api/categories 200 6ms
2026-07-06T07:20:41.160Z ::1 POST /api/auth/login 401 4ms
2026-07-06T07:20:43.011Z ::1 POST /api/auth/login 200 724ms
2026-07-06T07:20:43.271Z ::1 GET /api/cart 200 69ms
2026-07-06T07:20:43.279Z ::1 GET /api/cart 200 83ms
2026-07-06T07:20:43.284Z ::1 GET /api/notifications 200 61ms
2026-07-06T07:20:43.294Z ::1 GET /api/wishlist 200 67ms
2026-07-06T07:20:43.301Z ::1 GET /api/notifications 200 60ms
2026-07-06T07:20:43.304Z ::1 GET /api/wishlist 200 42ms
2026-07-06T07:21:19.893Z ::1 GET /api/cart 200 86ms
2026-07-06T07:21:19.917Z ::1 GET /api/cart 200 108ms
2026-07-06T07:21:19.946Z ::1 GET /api/wishlist 200 129ms
2026-07-06T07:21:19.993Z ::1 GET /api/notifications 200 156ms
2026-07-06T07:21:19.995Z ::1 GET /api/wishlist 200 154ms
2026-07-06T07:21:20.002Z ::1 GET /api/notifications 200 157ms
2026-07-06T07:21:20.107Z ::1 GET /api/dashboard/vendor 200 15ms
2026-07-06T07:21:20.111Z ::1 GET /api/vendor/earnings 200 17ms
2026-07-06T07:22:06.655Z ::1 POST /api/auth/login 200 687ms
2026-07-06T07:22:06.830Z ::1 GET /api/categories 200 50ms
2026-07-06T07:22:06.884Z ::1 GET /api/cart 200 99ms
2026-07-06T07:22:06.890Z ::1 GET /api/wishlist 409 72ms
2026-07-06T07:22:06.895Z ::1 GET /api/wishlist 200 102ms
2026-07-06T07:22:06.901Z ::1 GET /api/cart 200 52ms
2026-07-06T07:22:06.907Z ::1 GET /api/notifications 200 107ms
2026-07-06T07:22:06.911Z ::1 GET /api/notifications 200 50ms
2026-07-06T07:22:07.111Z ::1 GET /api/products 200 16ms
2026-07-06T07:37:17.782Z ::1 GET /api/cart 401 4ms
2026-07-06T07:37:17.786Z ::1 GET /api/categories 200 10ms
2026-07-06T07:37:17.793Z ::1 GET /api/cart 401 2ms
2026-07-06T07:37:17.798Z ::1 GET /api/wishlist 401 3ms
2026-07-06T07:37:17.805Z ::1 GET /api/wishlist 401 2ms
2026-07-06T07:37:17.809Z ::1 GET /api/notifications 401 2ms
2026-07-06T07:37:17.812Z ::1 GET /api/notifications 401 2ms
2026-07-06T07:37:17.863Z ::1 POST /api/auth/refresh-token 200 4ms
2026-07-06T07:37:17.870Z ::1 POST /api/auth/refresh-token 200 5ms
2026-07-06T07:37:17.877Z ::1 POST /api/auth/refresh-token 200 10ms
2026-07-06T07:37:17.879Z ::1 POST /api/auth/refresh-token 200 6ms
2026-07-06T07:37:17.886Z ::1 POST /api/auth/refresh-token 200 5ms
2026-07-06T07:37:17.888Z ::1 POST /api/auth/refresh-token 200 5ms
2026-07-06T07:37:17.943Z ::1 GET /api/cart 200 6ms
2026-07-06T07:37:17.963Z ::1 GET /api/cart 200 6ms
2026-07-06T07:37:17.975Z ::1 GET /api/wishlist 200 7ms
2026-07-06T07:37:17.989Z ::1 GET /api/wishlist 200 5ms
2026-07-06T07:37:18.002Z ::1 GET /api/notifications 200 6ms
2026-07-06T07:37:18.022Z ::1 GET /api/notifications 200 5ms
2026-07-06T07:37:19.284Z ::1 GET /api/products 200 10ms
2026-07-06T08:39:19.478Z ::1 GET /api/categories 200 29ms
2026-07-06T08:39:19.501Z ::1 GET /api/cart 401 3ms
2026-07-06T08:39:19.569Z ::1 GET /api/cart 401 8ms
2026-07-06T08:39:19.683Z ::1 GET /api/notifications 401 4ms
2026-07-06T08:39:19.599Z ::1 GET /api/wishlist 401 1ms
2026-07-06T08:39:19.774Z ::1 GET /api/wishlist 401 25ms
2026-07-06T08:39:19.808Z ::1 GET /api/notifications 401 4ms
2026-07-06T08:39:20.034Z ::1 POST /api/auth/refresh-token 200 157ms
2026-07-06T08:39:20.059Z ::1 POST /api/auth/refresh-token 200 76ms
2026-07-06T08:39:20.094Z ::1 POST /api/auth/refresh-token 200 106ms
2026-07-06T08:39:20.128Z ::1 POST /api/auth/refresh-token 200 117ms
2026-07-06T08:39:20.141Z ::1 POST /api/auth/refresh-token 200 126ms
2026-07-06T08:39:20.160Z ::1 POST /api/auth/refresh-token 200 81ms
2026-07-06T08:39:20.219Z ::1 GET /api/products 200 67ms
2026-07-06T08:39:21.972Z ::1 GET /api/cart 200 9ms
2026-07-06T08:39:24.373Z ::1 GET /api/wishlist 200 54ms
2026-07-06T08:39:24.381Z ::1 GET /api/notifications 200 60ms
2026-07-06T08:39:24.393Z ::1 GET /api/cart 200 62ms
2026-07-06T08:39:24.405Z ::1 GET /api/wishlist 200 58ms
2026-07-06T08:39:24.422Z ::1 GET /api/notifications 200 68ms
2026-07-06T08:46:53.650Z ::1 GET /api/categories 200 9ms
2026-07-06T08:46:53.676Z ::1 GET /api/cart 200 23ms
2026-07-06T08:46:53.685Z ::1 GET /api/cart 200 29ms
2026-07-06T08:46:53.691Z ::1 GET /api/wishlist 200 33ms
2026-07-06T08:46:53.693Z ::1 GET /api/notifications 200 31ms
2026-07-06T08:46:53.696Z ::1 GET /api/wishlist 200 26ms
2026-07-06T08:46:53.698Z ::1 GET /api/notifications 200 20ms
2026-07-06T08:46:54.037Z ::1 GET /api/products 200 13ms
2026-07-06T09:56:55.208Z ::1 GET /api/notifications 401 6ms
2026-07-06T09:56:55.213Z ::1 GET /api/wishlist 401 2ms
2026-07-06T09:56:55.221Z ::1 GET /api/notifications 401 1ms
2026-07-06T09:56:55.224Z ::1 GET /api/wishlist 401 2ms
2026-07-06T09:56:55.227Z ::1 GET /api/cart 401 2ms
2026-07-06T09:56:55.217Z ::1 GET /api/cart 401 2ms
2026-07-06T09:56:55.239Z ::1 GET /api/categories 200 60ms
2026-07-06T09:56:55.279Z ::1 POST /api/auth/refresh-token 200 24ms
2026-07-06T09:56:55.290Z ::1 POST /api/auth/refresh-token 200 26ms
2026-07-06T09:56:55.293Z ::1 POST /api/auth/refresh-token 200 26ms
2026-07-06T09:56:55.296Z ::1 POST /api/auth/refresh-token 200 26ms
2026-07-06T09:56:55.307Z ::1 POST /api/auth/refresh-token 200 26ms
2026-07-06T09:56:55.301Z ::1 POST /api/auth/refresh-token 200 28ms
2026-07-06T09:56:55.441Z ::1 GET /api/notifications 200 8ms
2026-07-06T09:56:55.457Z ::1 GET /api/wishlist 200 13ms
2026-07-06T09:56:55.468Z ::1 GET /api/cart 200 16ms
2026-07-06T09:56:55.487Z ::1 GET /api/wishlist 200 9ms
2026-07-06T09:56:55.501Z ::1 GET /api/notifications 200 18ms
2026-07-06T09:56:55.510Z ::1 GET /api/cart 200 14ms
2026-07-06T09:56:55.728Z ::1 GET /api/products 200 19ms
2026-07-06T09:57:24.351Z ::1 GET /api/categories 200 6ms
2026-07-06T09:57:24.386Z ::1 GET /api/cart 200 39ms
2026-07-06T09:57:24.393Z ::1 GET /api/wishlist 200 39ms
2026-07-06T09:57:24.397Z ::1 GET /api/cart 200 40ms
2026-07-06T09:57:24.399Z ::1 GET /api/wishlist 200 37ms
2026-07-06T09:57:24.401Z ::1 GET /api/notifications 200 34ms
2026-07-06T09:57:24.403Z ::1 GET /api/notifications 200 34ms
2026-07-06T09:57:24.967Z ::1 GET /api/products 200 14ms
2026-07-06T09:57:57.260Z ::1 GET /api/categories 200 11ms
2026-07-06T09:57:57.280Z ::1 GET /api/cart 200 28ms
2026-07-06T09:57:57.289Z ::1 GET /api/cart 200 24ms
2026-07-06T09:57:57.291Z ::1 GET /api/wishlist 200 22ms
2026-07-06T09:57:57.293Z ::1 GET /api/notifications 200 21ms
2026-07-06T09:57:57.295Z ::1 GET /api/notifications 200 21ms
2026-07-06T09:57:57.296Z ::1 GET /api/wishlist 200 20ms
2026-07-06T09:57:57.924Z ::1 GET /api/products 200 9ms
2026-07-06T10:47:38.625Z ::1 GET /api/categories 200 71ms
2026-07-06T10:47:38.674Z ::1 GET /api/notifications 401 5ms
2026-07-06T10:47:38.690Z ::1 GET /api/cart 401 2ms
2026-07-06T10:47:38.701Z ::1 GET /api/notifications 401 4ms
2026-07-06T10:47:38.707Z ::1 GET /api/wishlist 401 1ms
2026-07-06T10:47:38.712Z ::1 GET /api/cart 401 2ms
2026-07-06T10:47:38.717Z ::1 GET /api/wishlist 401 4ms
2026-07-06T10:47:38.755Z ::1 POST /api/auth/refresh-token 200 33ms
2026-07-06T10:47:38.763Z ::1 POST /api/auth/refresh-token 200 35ms
2026-07-06T10:47:38.771Z ::1 POST /api/auth/refresh-token 200 38ms
2026-07-06T10:47:38.779Z ::1 POST /api/auth/refresh-token 200 40ms
2026-07-06T10:47:38.795Z ::1 POST /api/auth/refresh-token 200 53ms
2026-07-06T10:47:38.805Z ::1 POST /api/auth/refresh-token 200 61ms
2026-07-06T10:47:38.862Z ::1 GET /api/notifications 200 51ms
2026-07-06T10:47:38.871Z ::1 GET /api/cart 200 49ms
2026-07-06T10:47:38.875Z ::1 GET /api/notifications 200 50ms
2026-07-06T10:47:38.878Z ::1 GET /api/wishlist 200 51ms
2026-07-06T10:47:38.885Z ::1 GET /api/cart 200 52ms
2026-07-06T10:47:38.890Z ::1 GET /api/wishlist 200 49ms
2026-07-06T10:47:38.950Z ::1 GET /api/products 200 16ms
2026-07-06T10:47:44.569Z ::1 POST /api/auth/logout 200 16ms
2026-07-07T05:26:56.100Z ::1 GET /api/categories 200 114ms
2026-07-07T05:26:56.335Z ::1 GET /api/products 200 37ms
2026-07-07T05:27:03.482Z ::1 POST /api/auth/login 200 635ms
2026-07-07T05:27:03.710Z ::1 GET /api/cart 200 109ms
2026-07-07T05:27:03.750Z ::1 GET /api/wishlist 200 100ms
2026-07-07T05:27:03.754Z ::1 GET /api/notifications 200 93ms
2026-07-07T05:27:03.779Z ::1 GET /api/wishlist 200 95ms
2026-07-07T05:27:03.785Z ::1 GET /api/notifications 200 98ms
2026-07-07T05:27:03.768Z ::1 GET /api/cart 200 87ms
2026-07-07T05:27:03.917Z ::1 GET /api/dashboard/vendor 200 46ms
2026-07-07T05:27:03.920Z ::1 GET /api/vendor/earnings 200 43ms
2026-07-07T05:29:15.214Z ::1 GET /api/vendor/products 200 22ms
2026-07-07T05:29:21.855Z ::1 GET /api/categories 200 4ms
2026-07-07T05:29:32.841Z ::1 GET /api/vendor/orders 200 63ms
2026-07-07T05:29:37.015Z ::1 GET /api/vendor/reviews 200 46ms
2026-07-07T05:29:40.205Z ::1 GET /api/vendor/earnings 200 8ms
2026-07-07T05:29:45.231Z ::1 GET /api-docs 301 20ms
2026-07-07T05:29:45.272Z ::1 GET /api-docs/ 200 5ms
2026-07-07T05:29:45.435Z ::1 GET /api-docs/swagger-ui-init.js 200 2ms
2026-07-07T05:29:45.467Z ::1 GET /api-docs/swagger-ui.css 200 56ms
2026-07-07T05:29:45.486Z ::1 GET /api-docs/swagger-ui-standalone-preset.js 200 54ms
2026-07-07T05:29:45.549Z ::1 GET /api-docs/swagger-ui-bundle.js 200 118ms
2026-07-07T05:29:47.237Z ::1 GET /api-docs/favicon-32x32.png 200 7ms
2026-07-07T05:32:16.815Z ::1 GET /api/cart 200 32ms
2026-07-07T05:32:16.820Z ::1 GET /api/wishlist 200 33ms
2026-07-07T05:32:16.823Z ::1 GET /api/notifications 200 33ms
2026-07-07T05:32:16.842Z ::1 GET /api/cart 200 47ms
2026-07-07T05:32:16.850Z ::1 GET /api/wishlist 200 43ms
2026-07-07T05:32:16.855Z ::1 GET /api/notifications 200 27ms
2026-07-07T05:36:45.344Z ::1 GET /api/cart 200 17ms
2026-07-07T05:36:45.425Z ::1 GET /api/wishlist 200 34ms
2026-07-07T05:36:45.440Z ::1 GET /api/notifications 200 37ms
2026-07-07T05:36:45.433Z ::1 GET /api/cart 200 39ms
2026-07-07T05:36:45.475Z ::1 GET /api/wishlist 200 27ms
2026-07-07T05:36:45.535Z ::1 GET /api/notifications 200 10ms
2026-07-07T05:42:22.342Z ::ffff:127.0.0.1 GET /api-docs 301 1ms
2026-07-07T05:42:22.347Z ::ffff:127.0.0.1 GET /api-docs/ 200 2ms
2026-07-07T05:45:31.089Z ::1 GET /api/dashboard/vendor 401 6ms
2026-07-07T05:45:31.129Z ::1 GET /api/vendor/earnings 401 4ms
2026-07-07T05:45:31.189Z ::1 POST /api/auth/refresh-token 200 29ms
2026-07-07T05:45:31.195Z ::1 POST /api/auth/refresh-token 200 27ms
2026-07-07T05:45:31.256Z ::1 GET /api/vendor/earnings 200 54ms
2026-07-07T05:45:31.326Z ::1 GET /api/dashboard/vendor 200 117ms
2026-07-07T05:45:48.513Z ::1 GET /api/vendor/products 200 60ms
2026-07-07T05:45:50.640Z ::1 GET /api/categories 200 7ms
2026-07-07T05:45:57.599Z ::1 GET /api/vendor/orders 200 68ms
2026-07-07T05:45:59.075Z ::1 GET /api/vendor/reviews 200 40ms
2026-07-07T05:50:36.769Z ::1 POST /api/auth/login 200 1066ms
2026-07-07T05:50:36.972Z ::1 GET /api/notifications 200 40ms
2026-07-07T05:50:36.988Z ::1 GET /api/cart 200 86ms
2026-07-07T05:50:36.993Z ::1 GET /api/cart 200 75ms
2026-07-07T05:50:37.010Z ::1 GET /api/wishlist 200 67ms
2026-07-07T05:50:37.014Z ::1 GET /api/notifications 200 67ms
2026-07-07T05:50:37.020Z ::1 GET /api/wishlist 200 57ms
2026-07-07T05:50:37.230Z ::1 GET /api/dashboard/admin 200 58ms
2026-07-07T05:51:34.355Z ::1 POST /api/auth/login 200 868ms
2026-07-07T05:51:34.515Z ::1 GET /api/cart 200 68ms
2026-07-07T05:51:34.547Z ::1 GET /api/cart 200 90ms
2026-07-07T05:51:34.554Z ::1 GET /api/notifications 200 75ms
2026-07-07T05:51:34.569Z ::1 GET /api/wishlist 200 106ms
2026-07-07T05:51:34.574Z ::1 GET /api/wishlist 200 71ms
2026-07-07T05:51:34.597Z ::1 GET /api/notifications 200 89ms
2026-07-07T05:51:34.922Z ::1 GET /api/delivery/my-deliveries 200 57ms
2026-07-07T05:51:34.926Z ::1 GET /api/delivery/earnings 200 77ms
2026-07-07T05:51:34.932Z ::1 GET /api/dashboard/delivery 200 93ms
2026-07-07T05:51:42.022Z ::1 GET /api/delivery/my-deliveries 200 30ms
2026-07-07T05:52:01.601Z ::1 POST /api/auth/login 200 960ms
2026-07-07T05:52:02.036Z ::1 GET /api/cart 200 39ms
2026-07-07T05:52:02.045Z ::1 GET /api/cart 200 44ms
2026-07-07T05:52:02.049Z ::1 GET /api/wishlist 200 45ms
2026-07-07T05:52:02.054Z ::1 GET /api/notifications 200 47ms
2026-07-07T05:52:02.059Z ::1 GET /api/wishlist 200 44ms
2026-07-07T05:52:02.062Z ::1 GET /api/notifications 200 40ms
2026-07-07T05:53:32.655Z ::1 GET /api/dashboard/admin 200 542ms
2026-07-07T05:55:44.434Z ::1 GET /api/products 200 97ms
2026-07-07T05:55:46.038Z ::1 GET /api/categories 200 10ms
2026-07-07T05:55:48.379Z ::1 GET /api/admin/delivery-partners?isAvailable=true 200 109ms
2026-07-07T05:55:48.407Z ::1 GET /api/orders 200 146ms
2026-07-07T05:55:51.456Z ::1 GET /api/admin/users?role=customer&page=1&limit=20 200 33ms
2026-07-07T05:55:53.437Z ::1 GET /api/admin/vendors 200 69ms
2026-07-07T05:55:58.598Z ::1 GET /api/coupons 200 9ms
2026-07-07T05:56:01.468Z ::1 GET /api/banners 200 3ms
2026-07-07T05:56:03.248Z ::1 GET /api/admin/reports/sales?period=monthly 200 19ms
2026-07-07T05:56:03.262Z ::1 GET /api/admin/reports/inventory 500 28ms
2026-07-07T05:56:04.486Z ::1 GET /api/admin/reports/inventory 500 12ms
2026-07-07T05:56:14.699Z ::1 GET /api/admin/reports/inventory 500 14ms
2026-07-07T05:56:15.721Z ::1 GET /api/admin/reports/inventory 500 13ms
2026-07-07T05:56:19.303Z ::1 GET /api/admin/reviews 200 31ms
2026-07-07T05:56:32.891Z ::1 POST /api/auth/login 200 1024ms
2026-07-07T05:56:33.155Z ::1 GET /api/dashboard/vendor 200 142ms
2026-07-07T05:56:33.372Z ::1 GET /api/vendor/earnings 200 354ms
2026-07-07T05:56:33.423Z ::1 GET /api/cart 200 352ms
2026-07-07T05:56:33.427Z ::1 GET /api/wishlist 200 322ms
2026-07-07T05:56:33.446Z ::1 GET /api/cart 200 322ms
2026-07-07T05:56:33.462Z ::1 GET /api/wishlist 200 318ms
2026-07-07T05:56:33.478Z ::1 GET /api/notifications 200 45ms
2026-07-07T05:56:33.487Z ::1 GET /api/notifications 200 48ms
2026-07-07T05:56:53.658Z ::1 GET /api/vendor/products 200 20ms
2026-07-07T05:56:56.013Z ::1 GET /api/categories 200 6ms
2026-07-07T05:58:16.307Z ::1 GET /api/vendor/orders 200 24ms
2026-07-07T05:58:17.509Z ::1 GET /api/vendor/reviews 200 24ms
2026-07-07T05:58:27.493Z ::1 POST /api/auth/login 200 906ms
2026-07-07T05:58:27.710Z ::1 GET /api/delivery/my-deliveries 200 119ms
2026-07-07T05:58:27.748Z ::1 GET /api/cart 200 71ms
2026-07-07T05:58:27.794Z ::1 GET /api/cart 200 129ms
2026-07-07T05:58:27.731Z ::1 GET /api/wishlist 200 86ms
2026-07-07T05:58:27.845Z ::1 GET /api/delivery/earnings 200 234ms
2026-07-07T05:58:27.909Z ::1 GET /api/dashboard/delivery 200 313ms
2026-07-07T05:58:27.984Z ::1 GET /api/wishlist 200 120ms
2026-07-07T05:58:27.995Z ::1 GET /api/notifications 200 116ms
2026-07-07T05:58:28.021Z ::1 GET /api/notifications 200 109ms
2026-07-07T06:01:02.959Z ::1 GET /api/delivery/my-deliveries 200 15ms
2026-07-07T06:01:05.320Z ::1 GET /api/delivery/completed 200 11ms
2026-07-07T06:01:06.394Z ::1 GET /api/delivery/my-deliveries 200 38ms
2026-07-07T06:01:06.410Z ::1 GET /api/delivery/earnings 200 52ms
2026-07-07T06:01:06.416Z ::1 GET /api/dashboard/delivery 200 63ms
2026-07-07T06:03:57.528Z ::1 GET /api/dashboard/delivery 200 28ms
2026-07-07T06:03:57.573Z ::1 GET /api/delivery/earnings 200 16ms
2026-07-07T06:03:57.609Z ::1 GET /api/delivery/my-deliveries 200 15ms
2026-07-07T06:10:02.829Z ::1 GET /api/delivery/earnings 200 83ms
2026-07-07T06:10:06.471Z ::1 GET /api/delivery/completed 200 7ms
2026-07-07T06:10:17.960Z ::1 POST /api/auth/login 200 762ms
2026-07-07T06:10:18.089Z ::1 GET /api/cart 200 38ms
2026-07-07T06:10:18.135Z ::1 GET /api/cart 200 80ms
2026-07-07T06:10:18.140Z ::1 GET /api/wishlist 200 63ms
2026-07-07T06:10:18.153Z ::1 GET /api/wishlist 200 48ms
2026-07-07T06:10:18.151Z ::1 GET /api/notifications 200 55ms
2026-07-07T06:10:18.155Z ::1 GET /api/notifications 200 48ms
2026-07-07T06:10:18.362Z ::1 GET /api/dashboard/vendor 200 27ms
2026-07-07T06:10:18.370Z ::1 GET /api/vendor/earnings 200 33ms
2026-07-07T06:10:20.956Z ::1 GET /api/vendor/products 200 25ms
2026-07-07T06:10:22.115Z ::1 GET /api/categories 200 3ms
2026-07-07T06:11:30.131Z ::1 GET /api/vendor/orders 200 15ms
2026-07-07T06:11:31.340Z ::1 GET /api/vendor/reviews 200 28ms
2026-07-07T06:11:35.638Z ::1 PATCH /api/vendor/orders/6a4246d5359bc4eff34459b2/status 200 52ms
2026-07-07T06:11:35.689Z ::1 GET /api/vendor/orders 200 24ms
2026-07-07T06:13:49.523Z ::1 GET /api/vendor/orders 200 19ms
2026-07-07T06:14:52.107Z ::1 GET /api/vendor/reviews 200 24ms
2026-07-07T06:14:53.877Z ::1 GET /api/vendor/earnings 200 8ms
2026-07-07T06:14:56.693Z ::1 GET /api/dashboard/vendor 200 19ms
2026-07-07T06:15:58.448Z ::1 POST /api/auth/login 200 709ms
2026-07-07T06:15:58.553Z ::1 GET /api/cart 200 47ms
2026-07-07T06:15:58.557Z ::1 GET /api/cart 200 48ms
2026-07-07T06:15:58.559Z ::1 GET /api/notifications 200 47ms
2026-07-07T06:15:58.572Z ::1 GET /api/wishlist 200 46ms
2026-07-07T06:15:58.589Z ::1 GET /api/wishlist 200 53ms
2026-07-07T06:15:58.595Z ::1 GET /api/notifications 200 50ms
2026-07-07T06:15:58.837Z ::1 GET /api/dashboard/admin 200 30ms
2026-07-07T06:17:09.483Z ::1 POST /api/auth/login 200 705ms
2026-07-07T06:17:10.176Z ::1 GET /api/dashboard/vendor 200 84ms
2026-07-07T06:17:10.236Z ::1 GET /api/vendor/earnings 200 127ms
2026-07-07T06:17:10.260Z ::1 GET /api/cart 200 139ms
2026-07-07T06:17:10.284Z ::1 GET /api/wishlist 200 136ms
2026-07-07T06:17:10.289Z ::1 GET /api/cart 200 135ms
2026-07-07T06:17:10.293Z ::1 GET /api/wishlist 200 133ms
2026-07-07T06:17:10.316Z ::1 GET /api/notifications 200 45ms
2026-07-07T06:17:10.319Z ::1 GET /api/notifications 200 44ms
2026-07-07T06:18:18.588Z ::1 POST /api/auth/login 200 841ms
2026-07-07T06:18:20.152Z ::1 GET /api/cart 200 315ms
2026-07-07T06:18:20.179Z ::1 GET /api/wishlist 200 288ms
2026-07-07T06:18:20.190Z ::1 GET /api/notifications 200 250ms
2026-07-07T06:18:20.223Z ::1 GET /api/cart 200 202ms
2026-07-07T06:18:20.228Z ::1 GET /api/wishlist 200 169ms
2026-07-07T06:18:20.274Z ::1 GET /api/dashboard/admin 200 451ms
2026-07-07T06:18:20.280Z ::1 GET /api/notifications 200 27ms
2026-07-07T06:18:53.432Z ::1 POST /api/auth/login 200 693ms
2026-07-07T06:18:54.056Z ::1 GET /api/cart 200 81ms
2026-07-07T06:18:54.062Z ::1 GET /api/wishlist 200 79ms
2026-07-07T06:18:54.074Z ::1 GET /api/cart 200 112ms
2026-07-07T06:18:54.078Z ::1 GET /api/notifications 200 89ms
2026-07-07T06:18:54.083Z ::1 GET /api/wishlist 200 87ms
2026-07-07T06:18:54.089Z ::1 GET /api/notifications 200 72ms
2026-07-07T06:27:48.708Z ::1 GET /api/cart 200 46ms
2026-07-07T06:27:48.804Z ::1 GET /api/wishlist 200 131ms
2026-07-07T06:27:48.816Z ::1 GET /api/cart 200 89ms
2026-07-07T06:27:48.820Z ::1 GET /api/wishlist 200 61ms
2026-07-07T06:27:48.829Z ::1 GET /api/notifications 200 147ms
2026-07-07T06:27:48.836Z ::1 GET /api/notifications 200 67ms
2026-07-07T06:27:53.580Z ::1 GET /api/dashboard/vendor 200 22ms
2026-07-07T06:27:53.591Z ::1 GET /api/vendor/earnings 200 21ms
2026-07-07T06:28:26.140Z ::1 GET /api/cart 200 14ms
2026-07-07T06:28:26.195Z ::1 GET /api/cart 200 7ms
2026-07-07T06:28:26.223Z ::1 GET /api/wishlist 200 25ms
2026-07-07T06:28:26.236Z ::1 GET /api/wishlist 200 28ms
2026-07-07T06:28:26.238Z ::1 GET /api/notifications 200 26ms
2026-07-07T06:28:26.241Z ::1 GET /api/notifications 200 25ms
2026-07-07T06:28:27.123Z ::1 GET /api/dashboard/vendor 200 34ms
2026-07-07T06:28:27.126Z ::1 GET /api/vendor/earnings 200 34ms
2026-07-08T05:36:41.081Z ::1 GET /api/notifications 401 8ms
2026-07-08T05:36:41.084Z ::1 GET /api/cart 401 1ms
2026-07-08T05:36:41.093Z ::1 GET /api/wishlist 401 1ms
2026-07-08T05:36:41.097Z ::1 GET /api/notifications 401 2ms
2026-07-08T05:36:41.087Z ::1 GET /api/wishlist 401 1ms
2026-07-08T05:36:41.101Z ::1 GET /api/cart 401 2ms
2026-07-08T05:36:41.163Z ::1 GET /api/categories 200 101ms
2026-07-08T05:36:41.297Z ::1 POST /api/auth/refresh-token 200 127ms
2026-07-08T05:36:41.299Z ::1 POST /api/auth/refresh-token 200 157ms
2026-07-08T05:36:41.300Z ::1 POST /api/auth/refresh-token 200 114ms
2026-07-08T05:36:41.302Z ::1 POST /api/auth/refresh-token 200 129ms
2026-07-08T05:36:41.305Z ::1 POST /api/auth/refresh-token 200 142ms
2026-07-08T05:36:41.311Z ::1 POST /api/auth/refresh-token 200 129ms
2026-07-08T05:36:41.400Z ::1 GET /api/notifications 200 70ms
2026-07-08T05:36:41.451Z ::1 GET /api/cart 200 87ms
2026-07-08T05:36:41.456Z ::1 GET /api/notifications 200 104ms
2026-07-08T05:36:41.463Z ::1 GET /api/cart 200 142ms
2026-07-08T05:36:41.473Z ::1 GET /api/wishlist 200 135ms
2026-07-08T05:36:41.478Z ::1 GET /api/wishlist 200 134ms
2026-07-08T05:36:41.536Z ::1 GET /api/dashboard/vendor 200 118ms
2026-07-08T05:36:41.538Z ::1 GET /api/vendor/earnings 200 73ms
2026-07-08T05:36:54.169Z ::1 POST /api/auth/login 200 490ms
2026-07-08T05:36:54.247Z ::1 GET /api/cart 200 21ms
2026-07-08T05:36:54.255Z ::1 GET /api/notifications 200 24ms
2026-07-08T05:36:54.251Z ::1 GET /api/wishlist 200 23ms
2026-07-08T05:36:54.260Z ::1 GET /api/cart 200 30ms
2026-07-08T05:36:54.264Z ::1 GET /api/wishlist 200 29ms
2026-07-08T05:36:54.265Z ::1 GET /api/notifications 200 28ms
2026-07-08T05:36:54.568Z ::1 GET /api/dashboard/admin 200 48ms
2026-07-08T05:36:56.107Z ::1 GET /api/products 200 11ms
2026-07-08T05:36:59.848Z ::1 GET /api/categories 200 3ms
2026-07-08T05:37:01.676Z ::1 GET /api/admin/delivery-partners?isAvailable=true 200 12ms
2026-07-08T05:37:01.701Z ::1 GET /api/orders 200 39ms
2026-07-08T05:37:03.438Z ::1 GET /api/admin/users?role=customer&page=1&limit=20 200 6ms
2026-07-08T05:37:04.451Z ::1 GET /api/admin/vendors 200 9ms
2026-07-08T05:37:06.367Z ::1 GET /api/coupons 200 20ms
2026-07-08T05:37:07.068Z ::1 GET /api/banners 200 6ms
2026-07-08T05:37:08.013Z ::1 GET /api/admin/reports/sales?period=monthly 200 14ms
2026-07-08T05:37:08.025Z ::1 GET /api/admin/reports/inventory 500 24ms
2026-07-08T05:37:09.120Z ::1 GET /api/admin/reports/inventory 500 8ms
2026-07-08T05:37:12.379Z ::1 GET /api/admin/reviews 200 26ms
2026-07-08T05:37:14.591Z ::1 GET /api/admin/settings 200 9ms
2026-07-08T05:46:14.859Z ::1 GET /api/wishlist 200 15ms
2026-07-08T05:46:14.856Z ::1 GET /api/cart 200 15ms
2026-07-08T05:46:14.860Z ::1 GET /api/notifications?page=1&limit=20&filter=all 200 15ms
2026-07-08T05:46:14.872Z ::1 GET /api/notifications/unread-count 404 4ms
2026-07-08T05:47:05.554Z ::1 GET /api/cart 200 51ms
2026-07-08T05:47:05.558Z ::1 GET /api/wishlist 200 48ms
2026-07-08T05:47:05.561Z ::1 GET /api/notifications?page=1&limit=20&filter=all 200 45ms
2026-07-08T05:47:05.575Z ::1 GET /api/notifications?page=1&limit=20&filter=all 200 32ms
2026-07-08T05:47:05.579Z ::1 GET /api/cart 200 61ms
2026-07-08T05:47:05.591Z ::1 GET /api/wishlist 200 53ms
2026-07-08T05:47:05.599Z ::1 GET /api/notifications/unread-count 404 6ms
2026-07-08T05:47:05.602Z ::1 GET /api/notifications/unread-count 404 6ms
2026-07-08T05:47:05.847Z ::1 GET /api/admin/settings 200 10ms
2026-07-08T06:26:29.248Z ::1 GET /api/cart 401 3ms
2026-07-08T06:26:29.250Z ::1 GET /api/wishlist 401 1ms
2026-07-08T06:26:29.253Z ::1 GET /api/notifications?page=1&limit=20&filter=all 401 1ms
2026-07-08T06:26:29.257Z ::1 GET /api/wishlist 401 1ms
2026-07-08T06:26:29.261Z ::1 GET /api/notifications?page=1&limit=20&filter=all 401 2ms
2026-07-08T06:26:29.256Z ::1 GET /api/cart 401 1ms
2026-07-08T06:26:29.306Z ::1 POST /api/auth/refresh-token 200 38ms
2026-07-08T06:26:29.307Z ::1 POST /api/auth/refresh-token 401 19ms
2026-07-08T06:26:29.317Z ::1 POST /api/auth/refresh-token 401 26ms
2026-07-08T06:26:29.320Z ::1 POST /api/auth/refresh-token 200 46ms
2026-07-08T06:26:29.321Z ::1 POST /api/auth/refresh-token 200 43ms
2026-07-08T06:26:29.330Z ::1 POST /api/auth/refresh-token 401 18ms
2026-07-08T06:26:29.349Z ::1 GET /api/cart 200 5ms
2026-07-08T06:26:29.417Z ::1 GET /api/wishlist 200 10ms
2026-07-08T06:26:29.420Z ::1 GET /api/notifications?page=1&limit=20&filter=all 200 6ms
2026-07-08T06:26:29.453Z ::1 GET /api/notifications/unread-count 401 0ms
2026-07-08T06:58:27.297Z ::1 POST /api/auth/login 200 757ms
2026-07-08T06:58:27.491Z ::1 GET /api/wishlist 200 54ms
2026-07-08T06:58:27.479Z ::1 GET /api/cart 200 45ms
2026-07-08T06:58:27.499Z ::1 GET /api/notifications?page=1&limit=20&filter=all 200 58ms
2026-07-08T06:58:27.515Z ::1 GET /api/cart 200 56ms
2026-07-08T06:58:27.518Z ::1 GET /api/wishlist 200 55ms
2026-07-08T06:58:27.523Z ::1 GET /api/notifications?page=1&limit=20&filter=all 200 57ms
2026-07-08T06:58:27.548Z ::1 GET /api/notifications/unread-count 404 18ms
2026-07-08T06:58:27.556Z ::1 GET /api/notifications/unread-count 404 17ms
2026-07-08T06:58:27.744Z ::1 GET /api/dashboard/admin 200 29ms
2026-07-08T06:58:39.937Z ::1 POST /api/ai/chat 404 1ms
2026-07-08T06:58:55.068Z ::1 GET /api/products 200 9ms
2026-07-08T06:59:02.001Z ::1 GET /api/cart 200 38ms
2026-07-08T06:59:02.006Z ::1 GET /api/wishlist 200 39ms
2026-07-08T06:59:02.044Z ::1 GET /api/notifications?page=1&limit=20&filter=all 200 72ms
2026-07-08T06:59:02.057Z ::1 GET /api/cart 200 75ms
2026-07-08T06:59:02.063Z ::1 GET /api/wishlist 200 73ms
2026-07-08T06:59:02.066Z ::1 GET /api/notifications?page=1&limit=20&filter=all 200 73ms
2026-07-08T06:59:02.135Z ::1 GET /api/notifications/unread-count 404 18ms
2026-07-08T06:59:02.141Z ::1 GET /api/notifications/unread-count 404 15ms
2026-07-08T06:59:02.549Z ::1 GET /api/dashboard/admin 200 172ms
2026-07-08T06:59:21.976Z ::1 POST /api/ai/chat 404 1ms
2026-07-08T06:59:48.478Z ::1 GET /api/products 200 30ms
2026-07-08T06:59:50.025Z ::1 GET /api/categories 200 7ms
2026-07-08T06:59:52.042Z ::1 GET /api/admin/delivery-partners?isAvailable=true 200 34ms
2026-07-08T06:59:52.053Z ::1 GET /api/orders 200 51ms
2026-07-08T06:59:53.100Z ::1 GET /api/admin/users?role=customer&page=1&limit=20 200 5ms
2026-07-08T06:59:54.228Z ::1 GET /api/admin/vendors 200 10ms
2026-07-08T06:59:57.388Z ::1 GET /api/coupons 200 9ms
2026-07-08T06:59:58.544Z ::1 GET /api/banners 200 3ms
2026-07-08T07:00:07.336Z ::1 POST /api/auth/login 200 829ms
2026-07-08T07:00:07.845Z ::1 GET /api/categories 200 101ms
2026-07-08T07:00:07.886Z ::1 GET /api/notifications?page=1&limit=20&filter=all 200 156ms
2026-07-08T07:00:07.896Z ::1 GET /api/notifications?page=1&limit=20&filter=all 200 180ms
2026-07-08T07:00:07.880Z ::1 GET /api/notifications?page=1&limit=20&filter=all 200 106ms
2026-07-08T07:00:07.928Z ::1 GET /api/cart 200 163ms
2026-07-08T07:00:07.947Z ::1 GET /api/cart 200 149ms
2026-07-08T07:00:08.064Z ::1 GET /api/wishlist 200 62ms
2026-07-08T07:00:08.068Z ::1 GET /api/notifications?page=1&limit=20&filter=all 200 166ms
2026-07-08T07:00:08.092Z ::1 GET /api/wishlist 200 79ms
2026-07-08T07:00:08.166Z ::1 GET /api/notifications/unread-count 404 47ms
2026-07-08T07:00:08.177Z ::1 GET /api/notifications/unread-count 404 42ms
2026-07-08T07:00:08.184Z ::1 GET /api/notifications/unread-count 404 35ms
2026-07-08T07:00:08.215Z ::1 GET /api/notifications/unread-count 404 23ms
2026-07-08T07:00:09.142Z ::1 GET /api/products 200 141ms
2026-07-08T07:11:12.167Z ::1 GET /api/notifications/unread-count 401 1ms
2026-07-08T07:20:31.232Z ::1 GET /api/notifications/unread-count 401 6ms
2026-07-08T07:32:23.006Z ::1 GET /api/notifications?page=1&limit=20&filter=all 401 3ms
2026-07-08T07:32:23.024Z ::1 GET /api/notifications?page=1&limit=20&filter=all 401 2ms
2026-07-08T07:32:23.028Z ::1 GET /api/cart 401 3ms
2026-07-08T07:32:23.034Z ::1 GET /api/wishlist 401 2ms
2026-07-08T07:32:23.038Z ::1 GET /api/notifications?page=1&limit=20&filter=all 401 2ms
2026-07-08T07:32:23.043Z ::1 GET /api/notifications?page=1&limit=20&filter=all 401 1ms
2026-07-08T07:32:23.049Z ::1 GET /api/cart 401 3ms
2026-07-08T07:32:23.056Z ::1 GET /api/wishlist 401 4ms
2026-07-08T07:32:23.127Z ::1 GET /api/categories 200 115ms
2026-07-08T07:32:23.222Z ::1 POST /api/auth/refresh-token 200 92ms
2026-07-08T07:32:23.225Z ::1 POST /api/auth/refresh-token 200 90ms
2026-07-08T07:32:23.228Z ::1 POST /api/auth/refresh-token 200 137ms
2026-07-08T07:32:23.230Z ::1 POST /api/auth/refresh-token 200 126ms
2026-07-08T07:32:23.569Z ::1 POST /api/auth/refresh-token 401 325ms
2026-07-08T07:32:23.579Z ::1 POST /api/auth/refresh-token 401 166ms
2026-07-08T07:32:23.595Z ::1 POST /api/auth/refresh-token 401 456ms
2026-07-08T07:32:23.608Z ::1 POST /api/auth/refresh-token 401 456ms
2026-07-08T07:32:24.305Z ::1 GET /api/cart 200 20ms
2026-07-08T07:32:24.332Z ::1 GET /api/wishlist 200 39ms
2026-07-08T07:32:24.347Z ::1 GET /api/notifications?page=1&limit=20&filter=all 200 40ms
2026-07-08T07:32:24.350Z ::1 GET /api/notifications?page=1&limit=20&filter=all 200 35ms
2026-07-08T07:32:24.947Z ::1 GET /api/notifications/unread-count 401 1ms
2026-07-08T07:32:24.985Z ::1 GET /api/notifications/unread-count 401 1ms
2026-07-08T07:32:25.686Z ::1 GET /api/products 200 28ms
2026-07-08T08:05:25.560Z ::1 GET /api/categories 200 14ms
2026-07-08T08:05:26.571Z ::1 GET /api/products 200 25ms
2026-07-08T08:25:22.364Z ::1 GET /api/categories 200 7ms
2026-07-08T08:25:23.520Z ::1 GET /api/products 200 33ms
2026-07-08T08:57:26.664Z ::1 GET /api/categories 200 8ms
2026-07-08T08:57:27.122Z ::1 GET /api/products 200 10ms
2026-07-08T09:40:07.223Z ::1 POST /api/ai/chat 200 6ms
2026-07-08T09:40:19.094Z ::1 POST /api/auth/login 200 514ms
2026-07-08T09:40:19.258Z ::1 GET /api/notifications?page=1&limit=20&filter=all 200 29ms
2026-07-08T09:40:19.265Z ::1 GET /api/products 200 34ms
2026-07-08T09:40:19.276Z ::1 GET /api/wishlist 200 35ms
2026-07-08T09:40:19.293Z ::1 GET /api/notifications?page=1&limit=20&filter=all 200 42ms
2026-07-08T09:40:19.279Z ::1 GET /api/categories 200 45ms
2026-07-08T09:40:19.308Z ::1 GET /api/cart 200 71ms
2026-07-08T09:40:19.322Z ::1 GET /api/cart 200 41ms
2026-07-08T09:40:19.330Z ::1 GET /api/notifications?page=1&limit=20&filter=all 200 43ms
2026-07-08T09:40:19.335Z ::1 GET /api/wishlist 200 37ms
2026-07-08T09:40:19.355Z ::1 GET /api/notifications?page=1&limit=20&filter=all 200 55ms
2026-07-08T09:40:19.358Z ::1 GET /api/notifications/unread-count 200 22ms
2026-07-08T09:40:19.365Z ::1 GET /api/notifications/unread-count 200 23ms
2026-07-08T09:40:19.367Z ::1 GET /api/notifications/unread-count 200 18ms
2026-07-08T09:40:19.381Z ::1 GET /api/notifications/unread-count 200 10ms
2026-07-08T09:40:26.931Z ::1 POST /api/ai/chat 200 3ms
2026-07-08T09:40:33.858Z ::1 GET /api/products?search=&category=&sort=newest 200 7ms
2026-07-08T09:53:43.587Z ::1 GET /api/notifications?page=1&limit=20&filter=all 200 15ms
2026-07-08T09:53:43.599Z ::1 GET /api/categories 200 23ms
2026-07-08T09:53:43.637Z ::1 GET /api/notifications?page=1&limit=20&filter=all 200 49ms
2026-07-08T09:53:43.631Z ::1 GET /api/cart 200 51ms
2026-07-08T09:53:43.649Z ::1 GET /api/wishlist 200 58ms
2026-07-08T09:53:43.658Z ::1 GET /api/cart 200 43ms
2026-07-08T09:53:43.661Z ::1 GET /api/notifications?page=1&limit=20&filter=all 200 42ms
2026-07-08T09:53:43.679Z ::1 GET /api/notifications?page=1&limit=20&filter=all 200 25ms
2026-07-08T09:53:43.697Z ::1 GET /api/notifications/unread-count 200 23ms
2026-07-08T09:53:43.695Z ::1 GET /api/wishlist 200 68ms
2026-07-08T09:53:43.708Z ::1 GET /api/notifications/unread-count 200 9ms
2026-07-08T09:53:43.716Z ::1 GET /api/notifications/unread-count 200 10ms
2026-07-08T09:53:43.739Z ::1 GET /api/notifications/unread-count 200 9ms
2026-07-08T09:53:49.781Z ::1 POST /api/ai/chat 200 3ms
2026-07-08T09:53:53.930Z ::1 GET /api/notifications?page=1&limit=20&filter=all 200 16ms
2026-07-08T09:53:53.943Z ::1 GET /api/categories 200 18ms
2026-07-08T09:53:53.972Z ::1 GET /api/notifications?page=1&limit=20&filter=all 200 44ms
2026-07-08T09:53:53.978Z ::1 GET /api/cart 200 41ms
2026-07-08T09:53:53.976Z ::1 GET /api/notifications?page=1&limit=20&filter=all 200 45ms
2026-07-08T09:53:53.984Z ::1 GET /api/wishlist 200 39ms
2026-07-08T09:53:53.991Z ::1 GET /api/cart 200 37ms
2026-07-08T09:53:54.015Z ::1 GET /api/wishlist 200 51ms
2026-07-08T09:53:54.009Z ::1 GET /api/notifications?page=1&limit=20&filter=all 200 22ms
2026-07-08T09:53:54.022Z ::1 GET /api/notifications/unread-count 200 26ms
2026-07-08T09:53:54.026Z ::1 GET /api/notifications/unread-count 200 21ms
2026-07-08T09:53:54.027Z ::1 GET /api/notifications/unread-count 200 15ms
2026-07-08T09:53:54.044Z ::1 GET /api/notifications/unread-count 200 6ms
2026-07-08T09:53:57.371Z ::1 POST /api/ai/chat 200 3ms
2026-07-08T09:54:06.047Z ::1 GET /api/notifications?page=1&limit=20&filter=all 200 9ms
2026-07-08T09:54:06.052Z ::1 GET /api/categories 200 8ms
2026-07-08T09:54:06.073Z ::1 GET /api/cart 200 24ms
2026-07-08T09:54:06.076Z ::1 GET /api/notifications?page=1&limit=20&filter=all 200 22ms
2026-07-08T09:54:06.077Z ::1 GET /api/wishlist 200 22ms
2026-07-08T09:54:06.079Z ::1 GET /api/notifications?page=1&limit=20&filter=all 200 22ms
2026-07-08T09:54:06.082Z ::1 GET /api/wishlist 200 22ms
2026-07-08T09:54:06.085Z ::1 GET /api/cart 200 22ms
2026-07-08T09:54:06.092Z ::1 GET /api/notifications?page=1&limit=20&filter=all 200 11ms
2026-07-08T09:54:06.095Z ::1 GET /api/notifications/unread-count 200 5ms
2026-07-08T09:54:06.104Z ::1 GET /api/notifications/unread-count 200 4ms
2026-07-08T09:54:06.122Z ::1 GET /api/notifications/unread-count 200 7ms
2026-07-08T09:54:06.146Z ::1 GET /api/notifications/unread-count 200 4ms
2026-07-08T09:55:56.366Z ::1 GET /api/cart 401 23ms
2026-07-08T09:55:56.379Z ::1 GET /api/wishlist 401 2ms
2026-07-08T09:55:56.394Z ::1 GET /api/notifications?page=1&limit=20&filter=all 401 10ms
2026-07-08T09:55:56.410Z ::1 GET /api/notifications?page=1&limit=20&filter=all 401 12ms
2026-07-08T09:55:56.444Z ::1 GET /api/notifications?page=1&limit=20&filter=all 401 8ms
2026-07-08T09:55:56.491Z ::1 GET /api/cart 401 7ms
2026-07-08T09:55:56.564Z ::1 GET /api/wishlist 401 2ms
2026-07-08T09:55:56.612Z ::1 GET /api/categories 200 162ms
2026-07-08T09:55:56.622Z ::1 GET /api/notifications?page=1&limit=20&filter=all 401 6ms
2026-07-08T09:55:56.702Z ::1 POST /api/auth/refresh-token 200 157ms
2026-07-08T09:55:56.709Z ::1 POST /api/auth/refresh-token 200 138ms
2026-07-08T09:55:56.713Z ::1 POST /api/auth/refresh-token 401 33ms
2026-07-08T09:55:56.715Z ::1 POST /api/auth/refresh-token 200 127ms
2026-07-08T09:55:56.717Z ::1 POST /api/auth/refresh-token 401 23ms
2026-07-08T09:55:56.723Z ::1 POST /api/auth/refresh-token 401 26ms
2026-07-08T09:55:56.756Z ::1 POST /api/auth/refresh-token 401 29ms
2026-07-08T09:55:56.773Z ::1 POST /api/auth/refresh-token 401 33ms
2026-07-08T09:55:56.810Z ::1 GET /api/notifications?page=1&limit=20&filter=all 200 64ms
2026-07-08T09:55:56.813Z ::1 GET /api/notifications?page=1&limit=20&filter=all 200 49ms
2026-07-08T09:55:56.826Z ::1 GET /api/cart 200 13ms
2026-07-08T09:55:56.872Z ::1 GET /api/notifications/unread-count 401 1ms
2026-07-08T09:55:56.875Z ::1 GET /api/notifications/unread-count 401 0ms
2026-07-08T09:56:07.542Z ::1 POST /api/auth/login 200 598ms
2026-07-08T09:56:07.659Z ::1 GET /api/notifications?page=1&limit=20&filter=all 200 34ms
2026-07-08T09:56:07.676Z ::1 GET /api/notifications?page=1&limit=20&filter=all 200 39ms
2026-07-08T09:56:07.682Z ::1 GET /api/categories 200 20ms
2026-07-08T09:56:07.698Z ::1 GET /api/notifications?page=1&limit=20&filter=all 200 52ms
2026-07-08T09:56:07.713Z ::1 GET /api/notifications?page=1&limit=20&filter=all 200 48ms
2026-07-08T09:56:07.722Z ::1 GET /api/wishlist 200 55ms
2026-07-08T09:56:07.730Z ::1 GET /api/cart 200 52ms
2026-07-08T09:56:07.747Z ::1 GET /api/wishlist 200 47ms
2026-07-08T09:56:07.750Z ::1 GET /api/cart 200 41ms
2026-07-08T09:56:07.776Z ::1 GET /api/notifications/unread-count 200 35ms
2026-07-08T09:56:07.779Z ::1 GET /api/notifications/unread-count 200 35ms
2026-07-08T09:56:07.780Z ::1 GET /api/notifications/unread-count 200 27ms
2026-07-08T09:56:07.782Z ::1 GET /api/notifications/unread-count 200 23ms
2026-07-08T09:56:07.960Z ::1 GET /api/products 200 15ms
2026-07-08T09:56:17.748Z ::1 POST /api/ai/chat 502 233ms
2026-07-08T09:56:27.305Z ::1 POST /api/ai/chat 502 149ms
2026-07-08T10:03:24.544Z ::1 GET /api/categories 200 46ms
2026-07-08T10:03:24.550Z ::1 GET /api/cart 200 56ms
2026-07-08T10:03:24.553Z ::1 GET /api/notifications?page=1&limit=20&filter=all 200 72ms
2026-07-08T10:03:24.562Z ::1 GET /api/cart 200 72ms
2026-07-08T10:03:24.570Z ::1 GET /api/notifications?page=1&limit=20&filter=all 200 52ms
2026-07-08T10:03:24.584Z ::1 GET /api/notifications?page=1&limit=20&filter=all 200 97ms
2026-07-08T10:03:24.591Z ::1 GET /api/wishlist 200 27ms
2026-07-08T10:03:24.598Z ::1 GET /api/notifications?page=1&limit=20&filter=all 200 32ms
2026-07-08T10:03:24.600Z ::1 GET /api/wishlist 200 32ms
2026-07-08T10:03:24.625Z ::1 GET /api/notifications/unread-count 200 7ms
2026-07-08T10:03:24.739Z ::1 GET /api/notifications/unread-count 200 5ms
2026-07-08T10:03:24.757Z ::1 GET /api/notifications/unread-count 200 6ms
2026-07-08T10:03:24.777Z ::1 GET /api/notifications/unread-count 200 7ms
2026-07-08T10:03:25.004Z ::1 GET /api/products 200 28ms
2026-07-08T10:03:41.589Z ::1 POST /api/ai/chat 502 226ms
2026-07-08T10:13:53.131Z ::1 GET /api/categories 200 4ms
2026-07-08T10:15:59.182Z ::1 GET /api/categories 200 6ms
2026-07-08T10:15:59.185Z ::1 GET /api/products 200 17ms
2026-07-08T10:16:22.219Z ::1 GET /api/notifications?page=1&limit=20&filter=all 401 9ms
2026-07-08T10:16:22.239Z ::1 GET /api/notifications?page=1&limit=20&filter=all 401 10ms
2026-07-08T10:16:22.247Z ::1 GET /api/cart 401 4ms
2026-07-08T10:16:22.275Z ::1 GET /api/wishlist 401 7ms
2026-07-08T10:16:22.295Z ::1 GET /api/notifications?page=1&limit=20&filter=all 401 13ms
2026-07-08T10:16:22.321Z ::1 GET /api/cart 401 5ms
2026-07-08T10:16:22.334Z ::1 GET /api/notifications?page=1&limit=20&filter=all 401 5ms
2026-07-08T10:16:22.342Z ::1 GET /api/categories 200 90ms
2026-07-08T10:16:22.352Z ::1 GET /api/wishlist 401 3ms
2026-07-08T10:16:22.430Z ::1 POST /api/auth/refresh-token 200 70ms
2026-07-08T10:16:22.431Z ::1 POST /api/auth/refresh-token 200 63ms
2026-07-08T10:16:22.442Z ::1 POST /api/auth/refresh-token 200 61ms
2026-07-08T10:16:22.445Z ::1 POST /api/auth/refresh-token 200 61ms
2026-07-08T10:16:22.436Z ::1 POST /api/auth/refresh-token 401 24ms
2026-07-08T10:16:22.439Z ::1 POST /api/auth/refresh-token 200 63ms
2026-07-08T10:16:22.461Z ::1 POST /api/auth/refresh-token 401 13ms
2026-07-08T10:16:22.462Z ::1 POST /api/auth/refresh-token 401 11ms
2026-07-08T10:16:22.539Z ::1 GET /api/notifications?page=1&limit=20&filter=all 200 16ms
2026-07-08T10:16:22.546Z ::1 GET /api/notifications?page=1&limit=20&filter=all 200 20ms
2026-07-08T10:16:22.728Z ::1 GET /api/cart 200 17ms
2026-07-08T10:16:22.736Z ::1 GET /api/cart 200 21ms
2026-07-08T10:16:22.739Z ::1 GET /api/notifications?page=1&limit=20&filter=all 200 18ms
2026-07-08T10:16:22.839Z ::1 GET /api/notifications/unread-count 401 2ms
2026-07-08T10:16:22.851Z ::1 GET /api/notifications/unread-count 401 1ms
2026-07-08T10:16:22.875Z ::1 GET /api/notifications/unread-count 401 2ms
2026-07-08T10:16:23.179Z ::1 GET /api/products 200 18ms
2026-07-08T10:16:26.556Z ::1 GET /api/categories 200 4ms
2026-07-08T10:16:27.000Z ::1 GET /api/products 200 10ms
2026-07-08T10:16:29.856Z ::1 POST /api/auth/login 200 474ms
2026-07-08T10:16:30.404Z ::1 GET /api/wishlist 200 114ms
2026-07-08T10:16:30.315Z ::1 GET /api/notifications?page=1&limit=20&filter=all 200 69ms
2026-07-08T10:16:30.432Z ::1 GET /api/cart 200 164ms
2026-07-08T10:16:30.464Z ::1 GET /api/cart 200 166ms
2026-07-08T10:16:30.456Z ::1 GET /api/notifications?page=1&limit=20&filter=all 200 160ms
2026-07-08T10:16:30.478Z ::1 GET /api/wishlist 200 171ms
2026-07-08T10:16:30.504Z ::1 GET /api/notifications?page=1&limit=20&filter=all 200 62ms
2026-07-08T10:16:30.516Z ::1 GET /api/notifications?page=1&limit=20&filter=all 200 43ms
2026-07-08T10:16:30.534Z ::1 GET /api/notifications/unread-count 200 35ms
2026-07-08T10:16:30.541Z ::1 GET /api/notifications/unread-count 200 34ms
2026-07-08T10:16:30.565Z ::1 GET /api/notifications/unread-count 200 14ms
2026-07-08T10:16:30.602Z ::1 GET /api/notifications/unread-count 200 11ms
2026-07-08T10:25:25.435Z ::1 GET /api/categories 200 15ms
2026-07-08T10:25:25.445Z ::1 GET /api/products 200 27ms
2026-07-08T10:25:25.440Z ::1 GET /api/notifications?page=1&limit=20&filter=all 200 27ms
2026-07-08T10:25:25.455Z ::1 GET /api/cart 200 33ms
2026-07-08T10:25:25.468Z ::1 GET /api/notifications?page=1&limit=20&filter=all 200 32ms
2026-07-08T10:25:25.480Z ::1 GET /api/notifications?page=1&limit=20&filter=all 200 40ms
2026-07-08T10:25:25.494Z ::1 GET /api/cart 200 47ms
2026-07-08T10:25:25.506Z ::1 GET /api/notifications?page=1&limit=20&filter=all 200 50ms
2026-07-08T10:25:25.514Z ::1 GET /api/wishlist 200 53ms
2026-07-08T10:25:25.531Z ::1 GET /api/wishlist 200 62ms
2026-07-08T10:25:25.566Z ::1 GET /api/notifications/unread-count 200 43ms
2026-07-08T10:25:25.569Z ::1 GET /api/notifications/unread-count 200 32ms
2026-07-08T10:25:25.572Z ::1 GET /api/notifications/unread-count 200 32ms
2026-07-08T10:25:25.575Z ::1 GET /api/notifications/unread-count 200 29ms
2026-07-08T10:25:37.302Z ::1 POST /api/auth/logout 200 17ms
2026-07-08T10:25:41.223Z ::1 POST /api/auth/login 200 552ms
2026-07-08T10:25:41.370Z ::1 GET /api/notifications?page=1&limit=20&filter=all 200 43ms
2026-07-08T10:25:41.379Z ::1 GET /api/notifications?page=1&limit=20&filter=all 200 48ms
2026-07-08T10:25:41.402Z ::1 GET /api/notifications?page=1&limit=20&filter=all 200 61ms
2026-07-08T10:25:41.406Z ::1 GET /api/cart 200 33ms
2026-07-08T10:25:41.408Z ::1 GET /api/cart 200 51ms
2026-07-08T10:25:41.431Z ::1 GET /api/wishlist 200 41ms
2026-07-08T10:25:41.425Z ::1 GET /api/notifications?page=1&limit=20&filter=all 200 37ms
2026-07-08T10:25:41.436Z ::1 GET /api/wishlist 200 39ms
2026-07-08T10:25:41.465Z ::1 GET /api/notifications/unread-count 200 26ms
2026-07-08T10:25:41.472Z ::1 GET /api/notifications/unread-count 200 24ms
2026-07-08T10:25:41.469Z ::1 GET /api/notifications/unread-count 200 27ms
2026-07-08T10:25:41.473Z ::1 GET /api/notifications/unread-count 200 21ms
2026-07-08T10:25:48.664Z ::1 POST /api/auth/logout 200 2ms
2026-07-08T10:25:52.372Z ::1 POST /api/auth/login 200 510ms
2026-07-08T10:25:52.475Z ::1 GET /api/cart 200 41ms
2026-07-08T10:25:52.489Z ::1 GET /api/notifications?page=1&limit=20&filter=all 200 51ms
2026-07-08T10:25:52.484Z ::1 GET /api/cart 200 48ms
2026-07-08T10:25:52.491Z ::1 GET /api/wishlist 200 51ms
2026-07-08T10:25:52.499Z ::1 GET /api/wishlist 200 53ms
2026-07-08T10:25:52.504Z ::1 GET /api/notifications?page=1&limit=20&filter=all 200 46ms
2026-07-08T10:25:52.524Z ::1 GET /api/notifications/unread-count 200 15ms
2026-07-08T10:25:52.533Z ::1 GET /api/notifications/unread-count 200 11ms
2026-07-08T10:25:52.786Z ::1 GET /api/dashboard/admin 200 37ms
2026-07-08T10:26:04.468Z ::1 GET /api/products 200 15ms
2026-07-08T10:26:09.265Z ::1 GET /api/categories 200 3ms
2026-07-08T10:26:14.938Z ::1 GET /api/admin/delivery-partners?isAvailable=true 200 19ms
2026-07-08T10:26:14.942Z ::1 GET /api/orders 200 24ms
2026-07-08T10:26:19.686Z ::1 GET /api/admin/users?role=customer&page=1&limit=20 200 5ms
2026-07-08T10:26:22.737Z ::1 GET /api/admin/vendors 200 5ms
2026-07-08T10:26:25.475Z ::1 GET /api/coupons 200 5ms
2026-07-08T10:26:27.265Z ::1 GET /api/banners 200 3ms
